Working on Cli_10b
[INFO] Elapsed time : 0h 0m 1s 157ms
Working on Cli_17b
[INFO] Elapsed time : 0h 0m 1s 332ms
Working on Cli_18b
[INFO] Elapsed time : 0h 0m 1s 311ms
Working on Cli_2b
[INFO] Elapsed time : 0h 0m 1s 60ms
Working on Cli_24b
[INFO] Elapsed time : 0h 0m 1s 133ms
Working on Cli_25b
[INFO] Elapsed time : 0h 0m 1s 106ms
Working on Cli_26b
[INFO] Elapsed time : 0h 0m 0s 758ms
Working on Cli_27b
[INFO] Elapsed time : 0h 0m 1s 586ms
Working on Cli_28b
[INFO] Elapsed time : 0h 0m 1s 601ms
Working on Cli_29b
[INFO] Elapsed time : 0h 0m 0s 475ms
Working on Cli_31b
[INFO] Elapsed time : 0h 0m 1s 306ms
Working on Cli_35b
[INFO] Elapsed time : 0h 0m 1s 329ms
Working on Cli_37b
[INFO] Elapsed time : 0h 0m 1s 447ms
Working on Cli_38b
[INFO] Elapsed time : 0h 0m 1s 453ms
Working on Cli_5b
[INFO] Elapsed time : 0h 0m 1s 28ms
Working on Closure_27b
[INFO] Elapsed time : 0h 0m 0s 534ms
Working on Closure_62b
[INFO] Elapsed time : 0h 0m 0s 538ms
Working on Codec_10b
[INFO] Elapsed time : 0h 0m 0s 502ms
Working on Codec_18b
[INFO] BIC(37ba197) has 0 FBL-BERT score for stage2(skip)
[INFO] BIC(37ba197) has 0 FBL-BERT score for stage2(precise)
[INFO] Elapsed time : 0h 0m 0s 461ms
Working on Codec_3b
[INFO] Elapsed time : 0h 0m 0s 634ms
Working on Collections_25b
[INFO] BIC(702882d) has 0 FBL-BERT score for stage2(skip)
[INFO] BIC(702882d) has 0 FBL-BERT score for stage2(precise)
[INFO] Elapsed time : 0h 0m 0s 827ms
Working on Collections_26b
[INFO] Elapsed time : 0h 0m 0s 574ms
Working on Compress_26b
[INFO] BIC(a671a70) has 0 FBL-BERT score for stage2(skip)
[INFO] BIC(a671a70) has 0 FBL-BERT score for stage2(precise)
[INFO] Elapsed time : 0h 0m 0s 488ms
Working on Compress_39b
[INFO] BIC(318de9a) has 0 FBL-BERT score for stage2(skip)
[INFO] BIC(318de9a) has 0 FBL-BERT score for stage2(precise)
[INFO] Elapsed time : 0h 0m 0s 514ms
Working on Compress_44b
[INFO] BIC(982ce0e) has 0 FBL-BERT score for stage2(skip)
[INFO] BIC(982ce0e) has 0 FBL-BERT score for stage2(precise)
[INFO] Elapsed time : 0h 0m 0s 489ms
Working on Compress_7b
[INFO] Elapsed time : 0h 0m 0s 522ms
Working on Compress_8b
[INFO] Elapsed time : 0h 0m 0s 518ms
Working on Csv_1b
[INFO] Elapsed time : 0h 0m 1s 415ms
Working on Csv_11b
[INFO] Elapsed time : 0h 0m 2s 626ms
Working on Csv_12b
[INFO] Elapsed time : 0h 0m 2s 879ms
Working on Csv_14b
[INFO] Elapsed time : 0h 0m 2s 4ms
Working on Csv_15b
[INFO] Elapsed time : 0h 0m 1s 868ms
Working on Csv_2b
[INFO] Elapsed time : 0h 0m 0s 597ms
Working on Csv_3b
[INFO] Elapsed time : 0h 0m 3s 130ms
Working on Csv_4b
[INFO] Elapsed time : 0h 0m 1s 875ms
Working on Csv_5b
[INFO] Elapsed time : 0h 0m 1s 637ms
Working on Csv_6b
[INFO] Elapsed time : 0h 0m 2s 612ms
Working on Csv_7b
[INFO] Elapsed time : 0h 0m 2s 578ms
Working on Csv_8b
[INFO] Elapsed time : 0h 0m 1s 111ms
Working on Csv_9b
[INFO] Elapsed time : 0h 0m 2s 752ms
Working on Gson_10b
[INFO] Elapsed time : 0h 0m 3s 574ms
Working on Gson_15b
[INFO] Elapsed time : 0h 0m 0s 574ms
Working on Gson_5b
[INFO] Elapsed time : 0h 0m 0s 616ms
Working on Gson_6b
[INFO] Elapsed time : 0h 0m 3s 497ms
Working on JacksonCore_14b
[INFO] BIC(288b1f3) has 0 FBL-BERT score for stage2(skip)
[INFO] BIC(288b1f3) has 0 FBL-BERT score for stage2(precise)
[INFO] Elapsed time : 0h 0m 0s 598ms
Working on JacksonCore_4b
[INFO] Elapsed time : 0h 0m 0s 587ms
Working on JacksonCore_5b
[INFO] BIC(bb63997) has 0 FBL-BERT score for stage2(skip)
[INFO] BIC(bb63997) has 0 FBL-BERT score for stage2(precise)
[INFO] Elapsed time : 0h 0m 0s 532ms
Working on JacksonCore_6b
[INFO] BIC(bb63997) has 0 FBL-BERT score for stage2(skip)
[INFO] BIC(bb63997) has 0 FBL-BERT score for stage2(precise)
[INFO] Elapsed time : 0h 0m 0s 545ms
Working on JacksonCore_8b
[INFO] Elapsed time : 0h 0m 0s 530ms
Working on JacksonDatabind_1b
[INFO] Elapsed time : 0h 0m 3s 394ms
Working on JacksonDatabind_13b
[INFO] Elapsed time : 0h 0m 8s 5ms
Working on JacksonDatabind_16b
[INFO] BIC(3ec2537) has 0 FBL-BERT score for stage2(skip)
[INFO] BIC(3ec2537) has 0 FBL-BERT score for stage2(precise)
[INFO] Elapsed time : 0h 0m 6s 982ms
Working on JacksonDatabind_17b
[INFO] BIC(0e1e878) has 0 FBL-BERT score for stage2(skip)
[INFO] BIC(0e1e878) has 0 FBL-BERT score for stage2(precise)
[INFO] Elapsed time : 0h 0m 5s 222ms
Working on JacksonDatabind_3b
[INFO] BIC(b0cfd43) has 0 FBL-BERT score for stage2(skip)
[INFO] BIC(b0cfd43) has 0 FBL-BERT score for stage2(precise)
[INFO] Elapsed time : 0h 0m 4s 85ms
Working on JacksonDatabind_7b
[INFO] Elapsed time : 0h 0m 5s 881ms
Working on JacksonXml_3b
[INFO] Elapsed time : 0h 0m 0s 932ms
Working on JacksonXml_5b
[INFO] Elapsed time : 0h 0m 1s 876ms
Working on Jsoup_1b
[INFO] Elapsed time : 0h 0m 1s 579ms
Working on Jsoup_10b
[INFO] Elapsed time : 0h 0m 2s 441ms
Working on Jsoup_15b
[INFO] Elapsed time : 0h 0m 1s 913ms
Working on Jsoup_17b
[INFO] Elapsed time : 0h 0m 1s 683ms
Working on Jsoup_19b
[INFO] Elapsed time : 0h 0m 2s 794ms
Working on Jsoup_2b
[INFO] Elapsed time : 0h 0m 1s 607ms
Working on Jsoup_24b
[INFO] Elapsed time : 0h 0m 2s 316ms
Working on Jsoup_25b
[INFO] Elapsed time : 0h 0m 2s 724ms
Working on Jsoup_26b
[INFO] Elapsed time : 0h 0m 2s 750ms
Working on Jsoup_27b
[INFO] Elapsed time : 0h 0m 0s 534ms
Working on Jsoup_32b
[INFO] Elapsed time : 0h 0m 2s 819ms
Working on Jsoup_33b
[INFO] Elapsed time : 0h 0m 2s 616ms
Working on Jsoup_34b
[INFO] Elapsed time : 0h 0m 1s 626ms
Working on Jsoup_35b
[INFO] Elapsed time : 0h 0m 2s 531ms
Working on Jsoup_37b
[INFO] Elapsed time : 0h 0m 3s 319ms
Working on Jsoup_38b
[INFO] Elapsed time : 0h 0m 2s 356ms
Working on Jsoup_4b
[INFO] Elapsed time : 0h 0m 0s 537ms
Working on Jsoup_40b
[INFO] Elapsed time : 0h 0m 1s 805ms
Working on Jsoup_41b
[INFO] Elapsed time : 0h 0m 4s 0ms
Working on Jsoup_43b
[INFO] Elapsed time : 0h 0m 4s 200ms
Working on Jsoup_46b
[INFO] Elapsed time : 0h 0m 4s 464ms
Working on Jsoup_47b
[INFO] Elapsed time : 0h 0m 3s 932ms
Working on Jsoup_48b
[INFO] Elapsed time : 0h 0m 0s 706ms
Working on Jsoup_49b
[INFO] Elapsed time : 0h 0m 2s 398ms
Working on Jsoup_5b
[INFO] Elapsed time : 0h 0m 1s 795ms
Working on Jsoup_51b
[INFO] Elapsed time : 0h 0m 3s 519ms
Working on Jsoup_54b
[INFO] Elapsed time : 0h 0m 3s 576ms
Working on Jsoup_55b
[INFO] Elapsed time : 0h 0m 3s 736ms
Working on Jsoup_57b
[INFO] Elapsed time : 0h 0m 3s 894ms
Working on Jsoup_61b
[INFO] Elapsed time : 0h 0m 4s 294ms
Working on Jsoup_62b
[INFO] Elapsed time : 0h 0m 3s 556ms
Working on Jsoup_64b
[INFO] Elapsed time : 0h 0m 3s 725ms
Working on Jsoup_72b
[INFO] Elapsed time : 0h 0m 2s 568ms
Working on Jsoup_85b
[INFO] BIC(a623db7) has 0 FBL-BERT score for stage2(skip)
[INFO] BIC(a623db7) has 0 FBL-BERT score for stage2(precise)
[INFO] Elapsed time : 0h 0m 0s 589ms
Working on Jsoup_9b
[INFO] Elapsed time : 0h 0m 0s 548ms
Working on JxPath_10b
[INFO] Elapsed time : 0h 0m 1s 799ms
Working on JxPath_12b
[INFO] Elapsed time : 0h 0m 1s 593ms
Working on JxPath_21b
[INFO] Elapsed time : 0h 0m 2s 600ms
Working on JxPath_5b
[INFO] Elapsed time : 0h 0m 1s 539ms
Working on Lang_14b
[INFO] Elapsed time : 0h 0m 0s 512ms
Working on Lang_19b
[INFO] Elapsed time : 0h 0m 0s 552ms
Working on Lang_21b
[INFO] Elapsed time : 0h 0m 0s 536ms
Working on Lang_22b
[INFO] Elapsed time : 0h 0m 0s 575ms
Working on Lang_25b
[INFO] Elapsed time : 0h 0m 0s 498ms
Working on Lang_26b
[INFO] Elapsed time : 0h 0m 0s 587ms
Working on Lang_28b
[INFO] Elapsed time : 0h 0m 0s 495ms
Working on Lang_31b
[INFO] Elapsed time : 0h 0m 0s 494ms
Working on Lang_39b
[INFO] Elapsed time : 0h 0m 0s 511ms
Working on Lang_4b
[INFO] Elapsed time : 0h 0m 0s 580ms
Working on Lang_40b
[INFO] Elapsed time : 0h 0m 0s 495ms
Working on Lang_43b
[INFO] Elapsed time : 0h 0m 0s 549ms
Working on Lang_44b
[INFO] Elapsed time : 0h 0m 0s 541ms
Working on Lang_45b
[INFO] Elapsed time : 0h 0m 0s 549ms
Working on Lang_46b
[INFO] Elapsed time : 0h 0m 0s 622ms
Working on Lang_47b
[INFO] Elapsed time : 0h 0m 0s 526ms
Working on Lang_48b
[INFO] Elapsed time : 0h 0m 0s 517ms
Working on Lang_49b
[INFO] Elapsed time : 0h 0m 0s 543ms
Working on Lang_51b
[INFO] Elapsed time : 0h 0m 0s 473ms
Working on Lang_52b
[INFO] Elapsed time : 0h 0m 0s 556ms
Working on Lang_54b
[INFO] Elapsed time : 0h 0m 0s 467ms
Working on Lang_55b
[INFO] Elapsed time : 0h 0m 0s 525ms
Working on Lang_57b
[INFO] Elapsed time : 0h 0m 0s 483ms
Working on Lang_60b
[INFO] Elapsed time : 0h 0m 0s 561ms
Working on Lang_61b
[INFO] Elapsed time : 0h 0m 0s 555ms
Working on Lang_64b
[INFO] Elapsed time : 0h 0m 0s 559ms
Working on Math_101b
[INFO] Elapsed time : 0h 0m 0s 525ms
Working on Math_103b
[INFO] Elapsed time : 0h 0m 0s 629ms
Working on Math_104b
[INFO] Elapsed time : 0h 0m 0s 526ms
Working on Math_105b
[INFO] Elapsed time : 0h 0m 0s 544ms
Working on Math_106b
[INFO] Elapsed time : 0h 0m 0s 498ms
Working on Math_17b
[INFO] Elapsed time : 0h 0m 0s 552ms
Working on Math_25b
[INFO] Elapsed time : 0h 0m 0s 566ms
Working on Math_3b
[INFO] Elapsed time : 0h 0m 0s 455ms
Working on Math_35b
[INFO] Elapsed time : 0h 0m 0s 503ms
Working on Math_53b
[INFO] Elapsed time : 0h 0m 0s 595ms
Working on Math_54b
[INFO] Elapsed time : 0h 0m 0s 522ms
Working on Math_55b
[INFO] Elapsed time : 0h 0m 0s 551ms
Working on Math_63b
[INFO] Elapsed time : 0h 0m 0s 543ms
Working on Math_70b
[INFO] Elapsed time : 0h 0m 0s 587ms
Working on Math_79b
[INFO] Elapsed time : 0h 0m 0s 547ms
Working on Math_89b
[INFO] Elapsed time : 0h 0m 0s 514ms
Working on Math_9b
[INFO] Elapsed time : 0h 0m 1s 163ms
Working on Math_92b
[INFO] Elapsed time : 0h 0m 0s 550ms
Working on Math_93b
[INFO] Elapsed time : 0h 0m 0s 512ms
Working on Math_94b
[INFO] Elapsed time : 0h 0m 0s 473ms
Working on Math_96b
[INFO] Elapsed time : 0h 0m 0s 524ms
Working on Math_97b
[INFO] Elapsed time : 0h 0m 0s 564ms
Working on Mockito_8b
[INFO] BIC(ab9e9f3) has 0 FBL-BERT score for stage2(skip)
[INFO] BIC(ab9e9f3) has 0 FBL-BERT score for stage2(precise)
[INFO] Elapsed time : 0h 0m 0s 621ms
Working on Time_15b
[INFO] Elapsed time : 0h 0m 0s 514ms
