Working on Cli_10b
Working on Cli_17b
Working on Cli_18b
Working on Cli_2b
Working on Cli_24b
Working on Cli_25b
Working on Cli_26b
Working on Cli_27b
Working on Cli_28b
Working on Cli_29b
Working on Cli_31b
Working on Cli_35b
Working on Cli_37b
Working on Cli_38b
Working on Cli_5b
Working on Closure_10b
Working on Closure_104b
Working on Closure_113b
Working on Closure_115b
Working on Closure_120b
Working on Closure_121b
Working on Closure_128b
Working on Closure_133b
Working on Closure_17b
Working on Closure_2b
Working on Closure_21b
Working on Closure_27b
Working on Closure_30b
Working on Closure_31b
Working on Closure_33b
Working on Closure_48b
Working on Closure_52b
Working on Closure_59b
Working on Closure_60b
Working on Closure_61b
Working on Closure_62b
Working on Closure_64b
Working on Closure_65b
Working on Closure_66b
Working on Closure_68b
Working on Closure_73b
Working on Closure_74b
Working on Closure_76b
Working on Closure_8b
Working on Closure_80b
Working on Closure_82b
Working on Closure_85b
Working on Closure_91b
Working on Closure_92b
Working on Closure_99b
Working on Codec_10b
Working on Codec_18b
Working on Codec_3b
Working on Collections_25b
Working on Collections_26b
Working on Compress_26b
Working on Compress_39b
Working on Compress_44b
Working on Compress_7b
Working on Compress_8b
Working on Csv_1b
Working on Csv_11b
Working on Csv_12b
Working on Csv_14b
Working on Csv_15b
Working on Csv_2b
Working on Csv_3b
Working on Csv_4b
Working on Csv_5b
Working on Csv_6b
Working on Csv_7b
Working on Csv_8b
Working on Csv_9b
Working on Gson_10b
[ERROR] Failed to copy file 5bc80cd~1:gson/src/main/java/com/google/gson/internal/$UnsafeAllocator.java
[ERROR] OUT

[ERROR] ERR
fatal: Path 'gson/src/main/java/com/google/gson/internal/.java' does not exist in '5bc80cd~1'

Working on Gson_15b
Working on Gson_5b
Working on Gson_6b
Working on JacksonCore_14b
Working on JacksonCore_4b
Working on JacksonCore_5b
Working on JacksonCore_6b
Working on JacksonCore_8b
Working on JacksonDatabind_1b
Working on JacksonDatabind_13b
Working on JacksonDatabind_16b
Working on JacksonDatabind_17b
Working on JacksonDatabind_3b
Working on JacksonDatabind_7b
Working on JacksonXml_3b
Working on JacksonXml_5b
Working on Jsoup_1b
Working on Jsoup_10b
Working on Jsoup_15b
Working on Jsoup_17b
Working on Jsoup_19b
Working on Jsoup_2b
Working on Jsoup_24b
Working on Jsoup_25b
Working on Jsoup_26b
Working on Jsoup_27b
Working on Jsoup_32b
Working on Jsoup_33b
Working on Jsoup_34b
Working on Jsoup_35b
Working on Jsoup_37b
Working on Jsoup_38b
Working on Jsoup_4b
Working on Jsoup_40b
Working on Jsoup_41b
Working on Jsoup_43b
Working on Jsoup_46b
Working on Jsoup_47b
Working on Jsoup_48b
Working on Jsoup_49b
Working on Jsoup_5b
Working on Jsoup_51b
Working on Jsoup_54b
Working on Jsoup_55b
Working on Jsoup_57b
Working on Jsoup_61b
Working on Jsoup_62b
Working on Jsoup_64b
Working on Jsoup_72b
Working on Jsoup_85b
Working on Jsoup_9b
Working on JxPath_10b
Working on JxPath_12b
Working on JxPath_21b
Working on JxPath_5b
Working on Lang_13b
Working on Lang_14b
Working on Lang_19b
Working on Lang_21b
Working on Lang_22b
Working on Lang_25b
Working on Lang_26b
Working on Lang_28b
Working on Lang_31b
Working on Lang_39b
Working on Lang_4b
Working on Lang_40b
Working on Lang_43b
Working on Lang_44b
Working on Lang_45b
Working on Lang_46b
Working on Lang_47b
Working on Lang_48b
Working on Lang_49b
Working on Lang_51b
Working on Lang_52b
Working on Lang_53b
Working on Lang_54b
Working on Lang_55b
Working on Lang_57b
Working on Lang_6b
Working on Lang_60b
Working on Lang_61b
Working on Lang_64b
Working on Math_10b
Working on Math_101b
Working on Math_103b
Working on Math_104b
Working on Math_105b
Working on Math_106b
Working on Math_14b
Working on Math_15b
Working on Math_17b
Working on Math_2b
Working on Math_23b
Working on Math_24b
Working on Math_25b
Working on Math_26b
Working on Math_28b
Working on Math_3b
Working on Math_35b
Working on Math_42b
Working on Math_45b
Working on Math_46b
Working on Math_48b
Working on Math_50b
Working on Math_53b
Working on Math_54b
Working on Math_55b
Working on Math_60b
Working on Math_63b
Working on Math_64b
Working on Math_70b
Working on Math_75b
Working on Math_79b
Working on Math_87b
Working on Math_88b
Working on Math_89b
Working on Math_9b
Working on Math_92b
Working on Math_93b
Working on Math_94b
Working on Math_96b
Working on Math_97b
Working on Mockito_8b
Working on Time_1b
Working on Time_11b
Working on Time_15b
Working on Time_16b
Working on Time_2b
Working on Time_7b
