Working on Cli_10b
[INFO] Encoding data
[INFO] Elapsed time : 0h 2m 38s 537ms
Working on Cli_17b
[INFO] Encoding data
[INFO] Elapsed time : 0h 2m 50s 718ms
Working on Cli_18b
[INFO] Encoding data
[INFO] Elapsed time : 0h 2m 51s 77ms
Working on Cli_2b
[INFO] Encoding data
[INFO] Elapsed time : 0h 2m 39s 92ms
Working on Cli_24b
[INFO] Encoding data
[INFO] Elapsed time : 0h 2m 39s 368ms
Working on Cli_25b
[INFO] Encoding data
[INFO] Elapsed time : 0h 2m 42s 281ms
Working on Cli_26b
[INFO] Encoding data
[INFO] Elapsed time : 0h 1m 1s 96ms
Working on Cli_27b
[INFO] Encoding data
[INFO] Elapsed time : 0h 4m 0s 225ms
Working on Cli_28b
[INFO] Encoding data
[INFO] Elapsed time : 0h 4m 12s 476ms
Working on Cli_29b
[INFO] Encoding data
[INFO] Elapsed time : 0h 0m 1s 93ms
Working on Cli_31b
[INFO] Encoding data
[INFO] Elapsed time : 0h 3m 33s 0ms
Working on Cli_35b
[INFO] Encoding data
[INFO] Elapsed time : 0h 2m 22s 124ms
Working on Cli_37b
[INFO] Encoding data
[INFO] Elapsed time : 0h 3m 11s 546ms
Working on Cli_38b
[INFO] Encoding data
[INFO] Elapsed time : 0h 3m 15s 269ms
Working on Cli_5b
[INFO] Encoding data
[INFO] Elapsed time : 0h 2m 5s 326ms
Working on Closure_27b
[INFO] Encoding data
[INFO] Elapsed time : 0h 0m 34s 53ms
Working on Closure_62b
[INFO] Encoding data
[INFO] Elapsed time : 0h 0m 7s 472ms
Working on Codec_10b
[INFO] Encoding data
[INFO] Elapsed time : 0h 0m 4s 17ms
Working on Codec_18b
[INFO] Encoding data
[INFO] Elapsed time : 0h 0m 4s 127ms
Working on Codec_3b
[INFO] Encoding data
[INFO] Elapsed time : 0h 0m 51s 165ms
Working on Collections_25b
[INFO] Encoding data
[INFO] Elapsed time : 0h 1m 26s 627ms
Working on Collections_26b
[INFO] Encoding data
[INFO] Elapsed time : 0h 0m 11s 333ms
Working on Compress_26b
[INFO] Encoding data
[INFO] Elapsed time : 0h 0m 1s 900ms
Working on Compress_39b
[INFO] Encoding data
[INFO] Elapsed time : 0h 0m 8s 106ms
Working on Compress_44b
[INFO] Encoding data
[INFO] Elapsed time : 0h 0m 0s 297ms
Working on Compress_7b
[INFO] Encoding data
[INFO] Elapsed time : 0h 0m 4s 417ms
Working on Compress_8b
[INFO] Encoding data
[INFO] Elapsed time : 0h 0m 4s 453ms
Working on Csv_1b
[INFO] Encoding data
[INFO] Elapsed time : 0h 2m 31s 859ms
Working on Csv_11b
[INFO] Encoding data
[INFO] Elapsed time : 0h 6m 45s 909ms
Working on Csv_12b
[INFO] Encoding data
[INFO] Elapsed time : 0h 7m 50s 284ms
Working on Csv_14b
[INFO] Encoding data
[INFO] Elapsed time : 0h 6m 33s 843ms
Working on Csv_15b
[INFO] Encoding data
[INFO] Elapsed time : 0h 7m 25s 800ms
Working on Csv_2b
[INFO] Encoding data
[INFO] Elapsed time : 0h 0m 5s 689ms
Working on Csv_3b
[INFO] Encoding data
[INFO] Elapsed time : 0h 7m 19s 552ms
Working on Csv_4b
[INFO] Encoding data
[INFO] Elapsed time : 0h 4m 25s 851ms
Working on Csv_5b
[INFO] Encoding data
[INFO] Elapsed time : 0h 3m 13s 556ms
Working on Csv_6b
[INFO] Encoding data
[INFO] Elapsed time : 0h 6m 15s 102ms
Working on Csv_7b
[INFO] Encoding data
[INFO] Elapsed time : 0h 5m 51s 572ms
Working on Csv_8b
[INFO] Encoding data
[INFO] Elapsed time : 0h 2m 4s 97ms
Working on Csv_9b
[INFO] Encoding data
[INFO] Elapsed time : 0h 6m 39s 924ms
Working on Gson_10b
[INFO] Encoding data
[INFO] Elapsed time : 0h 15m 38s 222ms
Working on Gson_15b
[INFO] Encoding data
[INFO] Elapsed time : 0h 0m 20s 838ms
Working on Gson_5b
[INFO] Encoding data
[INFO] Elapsed time : 0h 0m 16s 233ms
Working on Gson_6b
[INFO] Encoding data
[INFO] Elapsed time : 0h 18m 9s 859ms
Working on JacksonCore_14b
[INFO] Encoding data
[INFO] Elapsed time : 0h 0m 14s 217ms
Working on JacksonCore_4b
[INFO] Encoding data
[INFO] Elapsed time : 0h 0m 17s 157ms
Working on JacksonCore_5b
[INFO] Encoding data
[INFO] Elapsed time : 0h 0m 5s 454ms
Working on JacksonCore_6b
[INFO] Encoding data
[INFO] Elapsed time : 0h 0m 6s 730ms
Working on JacksonCore_8b
[INFO] Encoding data
[INFO] Elapsed time : 0h 0m 7s 124ms
Working on JacksonDatabind_1b
[INFO] Encoding data
[INFO] Elapsed time : 0h 27m 46s 348ms
Working on JacksonDatabind_13b
[INFO] Encoding data
[INFO] Elapsed time : 1h 0m 21s 970ms
Working on JacksonDatabind_16b
[INFO] Encoding data
[INFO] Elapsed time : 0h 46m 34s 764ms
Working on JacksonDatabind_17b
[INFO] Encoding data
[INFO] Elapsed time : 0h 32m 16s 451ms
Working on JacksonDatabind_3b
[INFO] Encoding data
[INFO] Elapsed time : 0h 32m 40s 601ms
Working on JacksonDatabind_7b
[INFO] Encoding data
[INFO] Elapsed time : 0h 49m 21s 263ms
Working on JacksonXml_3b
[INFO] Encoding data
[INFO] Elapsed time : 0h 2m 8s 545ms
Working on JacksonXml_5b
[INFO] Encoding data
[INFO] Elapsed time : 0h 4m 44s 858ms
Working on Jsoup_1b
[INFO] Encoding data
[INFO] Elapsed time : 0h 3m 19s 296ms
Working on Jsoup_10b
[INFO] Encoding data
[INFO] Elapsed time : 0h 7m 27s 76ms
Working on Jsoup_15b
[INFO] Encoding data
[INFO] Elapsed time : 0h 6m 47s 186ms
Working on Jsoup_17b
[INFO] Encoding data
[INFO] Elapsed time : 0h 6m 13s 694ms
Working on Jsoup_19b
[INFO] Encoding data
[INFO] Elapsed time : 0h 9m 20s 261ms
Working on Jsoup_2b
[INFO] Encoding data
[INFO] Elapsed time : 0h 3m 43s 148ms
Working on Jsoup_24b
[INFO] Encoding data
[INFO] Elapsed time : 0h 8m 57s 575ms
Working on Jsoup_25b
[INFO] Encoding data
[INFO] Elapsed time : 0h 9m 37s 786ms
Working on Jsoup_26b
[INFO] Encoding data
[INFO] Elapsed time : 0h 8m 59s 51ms
Working on Jsoup_27b
[INFO] Encoding data
[INFO] Elapsed time : 0h 0m 6s 4ms
Working on Jsoup_32b
[INFO] Encoding data
[INFO] Elapsed time : 0h 9m 51s 508ms
Working on Jsoup_33b
[INFO] Encoding data
[INFO] Elapsed time : 0h 10m 58s 824ms
Working on Jsoup_34b
[INFO] Encoding data
[INFO] Elapsed time : 0h 5m 40s 7ms
Working on Jsoup_35b
[INFO] Encoding data
[INFO] Elapsed time : 0h 11m 2s 175ms
Working on Jsoup_37b
[INFO] Encoding data
[INFO] Elapsed time : 0h 12m 9s 675ms
Working on Jsoup_38b
[INFO] Encoding data
[INFO] Elapsed time : 0h 10m 1s 579ms
Working on Jsoup_4b
[INFO] Encoding data
[INFO] Elapsed time : 0h 0m 39s 761ms
Working on Jsoup_40b
[INFO] Encoding data
[INFO] Elapsed time : 0h 5m 36s 339ms
Working on Jsoup_41b
[INFO] Encoding data
[INFO] Elapsed time : 0h 15m 28s 358ms
Working on Jsoup_43b
[INFO] Encoding data
[INFO] Elapsed time : 0h 15m 16s 324ms
Working on Jsoup_46b
[INFO] Encoding data
[INFO] Elapsed time : 0h 17m 41s 13ms
Working on Jsoup_47b
[INFO] Encoding data
[INFO] Elapsed time : 0h 16m 29s 582ms
Working on Jsoup_48b
[INFO] Encoding data
[INFO] Elapsed time : 0h 0m 53s 178ms
Working on Jsoup_49b
[INFO] Encoding data
[INFO] Elapsed time : 0h 8m 56s 500ms
Working on Jsoup_5b
[INFO] Encoding data
[INFO] Elapsed time : 0h 4m 37s 488ms
Working on Jsoup_51b
[INFO] Encoding data
[INFO] Elapsed time : 0h 13m 34s 146ms
Working on Jsoup_54b
[INFO] Encoding data
[INFO] Elapsed time : 0h 14m 9s 456ms
Working on Jsoup_55b
[INFO] Encoding data
[INFO] Elapsed time : 0h 15m 47s 85ms
Working on Jsoup_57b
[INFO] Encoding data
[INFO] Elapsed time : 0h 15m 52s 742ms
Working on Jsoup_61b
[INFO] Encoding data
[INFO] Elapsed time : 0h 17m 50s 688ms
Working on Jsoup_62b
[INFO] Encoding data
[INFO] Elapsed time : 0h 17m 29s 240ms
Working on Jsoup_64b
[INFO] Encoding data
[INFO] Elapsed time : 0h 18m 28s 166ms
Working on Jsoup_72b
[INFO] Encoding data
[INFO] Elapsed time : 0h 9m 33s 11ms
Working on Jsoup_85b
[INFO] Encoding data
[INFO] Elapsed time : 0h 0m 10s 910ms
Working on Jsoup_9b
[INFO] Encoding data
[INFO] Elapsed time : 0h 1m 6s 898ms
Working on JxPath_10b
[INFO] Encoding data
[INFO] Elapsed time : 0h 11m 41s 986ms
Working on JxPath_12b
[INFO] Encoding data
[INFO] Elapsed time : 0h 12m 41s 746ms
Working on JxPath_21b
[INFO] Encoding data
[INFO] Elapsed time : 0h 20m 43s 333ms
Working on JxPath_5b
[INFO] Encoding data
[INFO] Elapsed time : 0h 12m 34s 815ms
Working on Lang_14b
[INFO] Encoding data
[INFO] Elapsed time : 0h 1m 47s 36ms
Working on Lang_19b
[INFO] Encoding data
[INFO] Elapsed time : 0h 0m 10s 679ms
Working on Lang_21b
[INFO] Encoding data
[INFO] Elapsed time : 0h 0m 23s 608ms
Working on Lang_22b
[INFO] Encoding data
[INFO] Elapsed time : 0h 0m 38s 171ms
Working on Lang_25b
[INFO] Encoding data
[INFO] Elapsed time : 0h 0m 23s 328ms
Working on Lang_26b
[INFO] Encoding data
[INFO] Elapsed time : 0h 1m 9s 442ms
Working on Lang_28b
[INFO] Encoding data
[INFO] Elapsed time : 0h 0m 4s 580ms
Working on Lang_31b
[INFO] Encoding data
[INFO] Elapsed time : 0h 2m 3s 461ms
Working on Lang_39b
[INFO] Encoding data
[INFO] Elapsed time : 0h 2m 23s 556ms
Working on Lang_4b
[INFO] Encoding data
[INFO] Elapsed time : 0h 0m 10s 87ms
Working on Lang_40b
[INFO] Encoding data
[INFO] Elapsed time : 0h 1m 29s 382ms
Working on Lang_43b
[INFO] Encoding data
[INFO] Elapsed time : 0h 0m 18s 590ms
Working on Lang_44b
[INFO] Encoding data
[INFO] Elapsed time : 0h 0m 20s 23ms
Working on Lang_45b
[INFO] Encoding data
[INFO] Elapsed time : 0h 1m 56s 224ms
Working on Lang_46b
[INFO] Encoding data
[INFO] Elapsed time : 0h 0m 45s 817ms
Working on Lang_47b
[INFO] Encoding data
[INFO] Elapsed time : 0h 0m 51s 399ms
Working on Lang_48b
[INFO] Encoding data
[INFO] Elapsed time : 0h 0m 15s 358ms
Working on Lang_49b
[INFO] Encoding data
[INFO] Elapsed time : 0h 0m 27s 227ms
Working on Lang_51b
[INFO] Encoding data
[INFO] Elapsed time : 0h 0m 7s 559ms
Working on Lang_52b
[INFO] Encoding data
[INFO] Elapsed time : 0h 0m 25s 514ms
Working on Lang_54b
[INFO] Encoding data
[INFO] Elapsed time : 0h 0m 5s 423ms
Working on Lang_55b
[INFO] Encoding data
[INFO] Elapsed time : 0h 0m 9s 423ms
Working on Lang_57b
[INFO] Encoding data
[INFO] Elapsed time : 0h 0m 2s 876ms
Working on Lang_60b
[INFO] Encoding data
[INFO] Elapsed time : 0h 1m 13s 679ms
Working on Lang_61b
[INFO] Encoding data
[INFO] Elapsed time : 0h 1m 1s 715ms
Working on Lang_64b
[INFO] Encoding data
[INFO] Elapsed time : 0h 1m 7s 951ms
Working on Math_101b
[INFO] Encoding data
[INFO] Elapsed time : 0h 0m 12s 48ms
Working on Math_103b
[INFO] Encoding data
[INFO] Elapsed time : 0h 0m 24s 738ms
Working on Math_104b
[INFO] Encoding data
[INFO] Elapsed time : 0h 0m 17s 558ms
Working on Math_105b
[INFO] Encoding data
[INFO] Elapsed time : 0h 0m 21s 292ms
Working on Math_106b
[INFO] Encoding data
[INFO] Elapsed time : 0h 0m 8s 514ms
Working on Math_17b
[INFO] Encoding data
[INFO] Elapsed time : 0h 0m 55s 36ms
Working on Math_25b
[INFO] Encoding data
[INFO] Elapsed time : 0h 0m 15s 146ms
Working on Math_3b
[INFO] Encoding data
[INFO] Elapsed time : 0h 0m 10s 31ms
Working on Math_35b
[INFO] Encoding data
[INFO] Elapsed time : 0h 0m 6s 802ms
Working on Math_53b
[INFO] Encoding data
[INFO] Elapsed time : 0h 1m 5s 830ms
Working on Math_54b
[INFO] Encoding data
[INFO] Elapsed time : 0h 0m 35s 622ms
Working on Math_55b
[INFO] Encoding data
[INFO] Elapsed time : 0h 0m 16s 979ms
Working on Math_63b
[INFO] Encoding data
[INFO] Elapsed time : 0h 0m 28s 767ms
Working on Math_70b
[INFO] Encoding data
[INFO] Elapsed time : 0h 0m 24s 233ms
Working on Math_79b
[INFO] Encoding data
[INFO] Elapsed time : 0h 0m 29s 159ms
Working on Math_89b
[INFO] Encoding data
[INFO] Elapsed time : 0h 0m 8s 576ms
Working on Math_9b
[INFO] Encoding data
[INFO] Elapsed time : 0h 9m 6s 128ms
Working on Math_92b
[INFO] Encoding data
[INFO] Elapsed time : 0h 0m 24s 419ms
Working on Math_93b
[INFO] Encoding data
[INFO] Elapsed time : 0h 0m 10s 962ms
Working on Math_94b
[INFO] Encoding data
[INFO] Elapsed time : 0h 0m 10s 788ms
Working on Math_96b
[INFO] Encoding data
[INFO] Elapsed time : 0h 0m 14s 942ms
Working on Math_97b
[INFO] Encoding data
[INFO] Elapsed time : 0h 0m 16s 385ms
Working on Mockito_8b
[INFO] Encoding data
[INFO] Elapsed time : 0h 0m 33s 382ms
Working on Time_15b
[INFO] Encoding data
[INFO] Elapsed time : 0h 0m 5s 615ms
