Working on Cli_10b
[INFO] Start loading data
[INFO] Elapsed time : 0h 0m 1s 892ms
Working on Cli_17b
[INFO] Start loading data
[INFO] Elapsed time : 0h 0m 1s 898ms
Working on Cli_18b
[INFO] Start loading data
[INFO] Elapsed time : 0h 0m 1s 879ms
Working on Cli_2b
[INFO] Start loading data
[INFO] Elapsed time : 0h 0m 1s 894ms
Working on Cli_24b
[INFO] Start loading data
[INFO] Elapsed time : 0h 0m 1s 946ms
Working on Cli_25b
[INFO] Start loading data
[INFO] Elapsed time : 0h 0m 1s 954ms
Working on Cli_26b
[INFO] Start loading data
[INFO] Elapsed time : 0h 0m 1s 796ms
Working on Cli_27b
[INFO] Start loading data
[INFO] Elapsed time : 0h 0m 6s 34ms
Working on Cli_28b
[INFO] Start loading data
[INFO] Elapsed time : 0h 0m 1s 964ms
Working on Cli_29b
[INFO] Start loading data
[INFO] Elapsed time : 0h 0m 1s 870ms
Working on Cli_31b
[INFO] Start loading data
[INFO] Elapsed time : 0h 0m 1s 951ms
Working on Cli_35b
[INFO] Start loading data
[INFO] Elapsed time : 0h 0m 1s 863ms
Working on Cli_37b
[INFO] Start loading data
[INFO] Elapsed time : 0h 0m 1s 899ms
Working on Cli_38b
[INFO] Start loading data
[INFO] Elapsed time : 0h 0m 1s 863ms
Working on Cli_5b
[INFO] Start loading data
[INFO] Elapsed time : 0h 0m 3s 277ms
Working on Closure_27b
[INFO] Start loading data
[INFO] Elapsed time : 0h 0m 4s 686ms
Working on Closure_62b
[INFO] Start loading data
[INFO] Elapsed time : 0h 0m 3s 330ms
Working on Codec_10b
[INFO] Start loading data
[INFO] Elapsed time : 0h 0m 1s 889ms
Working on Codec_18b
[INFO] Start loading data
[INFO] Elapsed time : 0h 0m 3s 305ms
Working on Codec_3b
[INFO] Start loading data
[INFO] Elapsed time : 0h 0m 2s 84ms
Working on Collections_25b
[INFO] Start loading data
[INFO] Elapsed time : 0h 0m 2s 51ms
Working on Collections_26b
[INFO] Start loading data
[INFO] Elapsed time : 0h 0m 2s 12ms
Working on Compress_26b
[INFO] Start loading data
[INFO] Elapsed time : 0h 0m 3s 263ms
Working on Compress_39b
[INFO] Start loading data
[INFO] Elapsed time : 0h 0m 1s 807ms
Working on Compress_44b
[INFO] Start loading data
[INFO] Elapsed time : 0h 0m 4s 857ms
Working on Compress_7b
[INFO] Start loading data
[INFO] Elapsed time : 0h 0m 1s 864ms
Working on Compress_8b
[INFO] Start loading data
[INFO] Elapsed time : 0h 0m 1s 808ms
Working on Csv_1b
[INFO] Start loading data
[INFO] Elapsed time : 0h 0m 1s 916ms
Working on Csv_11b
[INFO] Start loading data
[INFO] Elapsed time : 0h 0m 2s 36ms
Working on Csv_12b
[INFO] Start loading data
[INFO] Elapsed time : 0h 0m 2s 105ms
Working on Csv_14b
[INFO] Start loading data
[INFO] Elapsed time : 0h 0m 9s 618ms
Working on Csv_15b
[INFO] Start loading data
[INFO] Elapsed time : 0h 0m 2s 197ms
Working on Csv_2b
[INFO] Start loading data
[INFO] Elapsed time : 0h 0m 2s 79ms
Working on Csv_3b
[INFO] Start loading data
[INFO] Elapsed time : 0h 0m 4s 929ms
Working on Csv_4b
[INFO] Start loading data
[INFO] Elapsed time : 0h 0m 2s 121ms
Working on Csv_5b
[INFO] Start loading data
[INFO] Elapsed time : 0h 0m 2s 3ms
Working on Csv_6b
[INFO] Start loading data
[INFO] Elapsed time : 0h 0m 1s 916ms
Working on Csv_7b
[INFO] Start loading data
[INFO] Elapsed time : 0h 0m 2s 45ms
Working on Csv_8b
[INFO] Start loading data
[INFO] Elapsed time : 0h 0m 2s 81ms
Working on Csv_9b
[INFO] Start loading data
[INFO] Elapsed time : 0h 0m 1s 897ms
Working on Gson_10b
[INFO] Start loading data
[INFO] Elapsed time : 0h 0m 1s 915ms
Working on Gson_15b
[INFO] Start loading data
[INFO] Elapsed time : 0h 0m 1s 997ms
Working on Gson_5b
[INFO] Start loading data
[INFO] Elapsed time : 0h 0m 1s 865ms
Working on Gson_6b
[INFO] Start loading data
[INFO] Elapsed time : 0h 0m 3s 248ms
Working on JacksonCore_14b
[INFO] Start loading data
[INFO] Elapsed time : 0h 0m 1s 793ms
Working on JacksonCore_4b
[INFO] Start loading data
[INFO] Elapsed time : 0h 0m 1s 894ms
Working on JacksonCore_5b
[INFO] Start loading data
[INFO] Elapsed time : 0h 0m 1s 857ms
Working on JacksonCore_6b
[INFO] Start loading data
[INFO] Elapsed time : 0h 0m 1s 879ms
Working on JacksonCore_8b
[INFO] Start loading data
[INFO] Elapsed time : 0h 0m 1s 794ms
Working on JacksonDatabind_1b
[INFO] Start loading data
[INFO] Elapsed time : 0h 0m 1s 860ms
Working on JacksonDatabind_13b
[INFO] Start loading data
[INFO] Elapsed time : 0h 0m 1s 961ms
Working on JacksonDatabind_16b
[INFO] Start loading data
[INFO] Elapsed time : 0h 0m 1s 859ms
Working on JacksonDatabind_17b
[INFO] Start loading data
[INFO] Elapsed time : 0h 0m 1s 807ms
Working on JacksonDatabind_3b
[INFO] Start loading data
[INFO] Elapsed time : 0h 0m 1s 943ms
Working on JacksonDatabind_7b
[INFO] Start loading data
[INFO] Elapsed time : 0h 0m 1s 898ms
Working on JacksonXml_3b
[INFO] Start loading data
[INFO] Elapsed time : 0h 0m 1s 766ms
Working on JacksonXml_5b
[INFO] Start loading data
[INFO] Elapsed time : 0h 0m 1s 961ms
Working on Jsoup_1b
[INFO] Start loading data
[INFO] Elapsed time : 0h 0m 1s 881ms
Working on Jsoup_10b
[INFO] Start loading data
[INFO] Elapsed time : 0h 0m 1s 827ms
Working on Jsoup_15b
[INFO] Start loading data
[INFO] Elapsed time : 0h 0m 2s 23ms
Working on Jsoup_17b
[INFO] Start loading data
[INFO] Elapsed time : 0h 0m 1s 987ms
Working on Jsoup_19b
[INFO] Start loading data
[INFO] Elapsed time : 0h 0m 1s 857ms
Working on Jsoup_2b
[INFO] Start loading data
[INFO] Elapsed time : 0h 0m 1s 970ms
Working on Jsoup_24b
[INFO] Start loading data
[INFO] Elapsed time : 0h 0m 1s 997ms
Working on Jsoup_25b
[INFO] Start loading data
[INFO] Elapsed time : 0h 0m 1s 966ms
Working on Jsoup_26b
[INFO] Start loading data
[INFO] Elapsed time : 0h 0m 1s 925ms
Working on Jsoup_27b
[INFO] Start loading data
[INFO] Elapsed time : 0h 0m 3s 41ms
Working on Jsoup_32b
[INFO] Start loading data
[INFO] Elapsed time : 0h 0m 1s 979ms
Working on Jsoup_33b
[INFO] Start loading data
[INFO] Elapsed time : 0h 0m 1s 964ms
Working on Jsoup_34b
[INFO] Start loading data
[INFO] Elapsed time : 0h 0m 3s 538ms
Working on Jsoup_35b
[INFO] Start loading data
[INFO] Elapsed time : 0h 0m 1s 993ms
Working on Jsoup_37b
[INFO] Start loading data
[INFO] Elapsed time : 0h 0m 2s 7ms
Working on Jsoup_38b
[INFO] Start loading data
[INFO] Elapsed time : 0h 0m 2s 111ms
Working on Jsoup_4b
[INFO] Start loading data
[INFO] Elapsed time : 0h 0m 3s 158ms
Working on Jsoup_40b
[INFO] Start loading data
[INFO] Elapsed time : 0h 0m 3s 385ms
Working on Jsoup_41b
[INFO] Start loading data
[INFO] Elapsed time : 0h 0m 2s 8ms
Working on Jsoup_43b
[INFO] Start loading data
[INFO] Elapsed time : 0h 0m 3s 565ms
Working on Jsoup_46b
[INFO] Start loading data
[INFO] Elapsed time : 0h 0m 1s 960ms
Working on Jsoup_47b
[INFO] Start loading data
[INFO] Elapsed time : 0h 0m 1s 861ms
Working on Jsoup_48b
[INFO] Start loading data
[INFO] Elapsed time : 0h 0m 1s 893ms
Working on Jsoup_49b
[INFO] Start loading data
[INFO] Elapsed time : 0h 0m 2s 0ms
Working on Jsoup_5b
[INFO] Start loading data
[INFO] Elapsed time : 0h 0m 1s 886ms
Working on Jsoup_51b
[INFO] Start loading data
[INFO] Elapsed time : 0h 0m 2s 2ms
Working on Jsoup_54b
[INFO] Start loading data
[INFO] Elapsed time : 0h 0m 1s 839ms
Working on Jsoup_55b
[INFO] Start loading data
[INFO] Elapsed time : 0h 0m 1s 951ms
Working on Jsoup_57b
[INFO] Start loading data
[INFO] Elapsed time : 0h 0m 2s 95ms
Working on Jsoup_61b
[INFO] Start loading data
[INFO] Elapsed time : 0h 0m 3s 377ms
Working on Jsoup_62b
[INFO] Start loading data
[INFO] Elapsed time : 0h 0m 2s 95ms
Working on Jsoup_64b
[INFO] Start loading data
[INFO] Elapsed time : 0h 0m 3s 517ms
Working on Jsoup_72b
[INFO] Start loading data
[INFO] Elapsed time : 0h 0m 3s 499ms
Working on Jsoup_85b
[INFO] Start loading data
[INFO] Elapsed time : 0h 0m 1s 757ms
Working on Jsoup_9b
[INFO] Start loading data
[INFO] Elapsed time : 0h 0m 1s 800ms
Working on JxPath_10b
[INFO] Start loading data
[INFO] Elapsed time : 0h 0m 1s 917ms
Working on JxPath_12b
[INFO] Start loading data
[INFO] Elapsed time : 0h 0m 1s 827ms
Working on JxPath_21b
[INFO] Start loading data
[INFO] Elapsed time : 0h 0m 3s 379ms
Working on JxPath_5b
[INFO] Start loading data
[INFO] Elapsed time : 0h 0m 1s 830ms
Working on Lang_14b
[INFO] Start loading data
[INFO] Elapsed time : 0h 0m 2s 89ms
Working on Lang_19b
[INFO] Start loading data
[INFO] Elapsed time : 0h 0m 3s 147ms
Working on Lang_21b
[INFO] Start loading data
[INFO] Elapsed time : 0h 0m 2s 47ms
Working on Lang_22b
[INFO] Start loading data
[INFO] Elapsed time : 0h 0m 3s 593ms
Working on Lang_25b
[INFO] Start loading data
[INFO] Elapsed time : 0h 0m 1s 932ms
Working on Lang_26b
[INFO] Start loading data
[INFO] Elapsed time : 0h 0m 1s 815ms
Working on Lang_28b
[INFO] Start loading data
[INFO] Elapsed time : 0h 0m 1s 867ms
Working on Lang_31b
[INFO] Start loading data
[INFO] Elapsed time : 0h 0m 3s 644ms
Working on Lang_39b
[INFO] Start loading data
[INFO] Elapsed time : 0h 0m 2s 245ms
Working on Lang_4b
[INFO] Start loading data
[INFO] Elapsed time : 0h 0m 1s 789ms
Working on Lang_40b
[INFO] Start loading data
[INFO] Elapsed time : 0h 0m 2s 0ms
Working on Lang_43b
[INFO] Start loading data
[INFO] Elapsed time : 0h 0m 1s 960ms
Working on Lang_44b
[INFO] Start loading data
[INFO] Elapsed time : 0h 0m 2s 90ms
Working on Lang_45b
[INFO] Start loading data
[INFO] Elapsed time : 0h 0m 1s 849ms
Working on Lang_46b
[INFO] Start loading data
[INFO] Elapsed time : 0h 0m 1s 905ms
Working on Lang_47b
[INFO] Start loading data
[INFO] Elapsed time : 0h 0m 3s 801ms
Working on Lang_48b
[INFO] Start loading data
[INFO] Elapsed time : 0h 0m 1s 985ms
Working on Lang_49b
[INFO] Start loading data
[INFO] Elapsed time : 0h 0m 2s 7ms
Working on Lang_51b
[INFO] Start loading data
[INFO] Elapsed time : 0h 0m 1s 921ms
Working on Lang_52b
[INFO] Start loading data
[INFO] Elapsed time : 0h 0m 1s 812ms
Working on Lang_54b
[INFO] Start loading data
[INFO] Elapsed time : 0h 0m 1s 969ms
Working on Lang_55b
[INFO] Start loading data
[INFO] Elapsed time : 0h 0m 1s 880ms
Working on Lang_57b
[INFO] Start loading data
[INFO] Elapsed time : 0h 0m 16s 236ms
Working on Lang_60b
[INFO] Start loading data
[INFO] Elapsed time : 0h 0m 2s 254ms
Working on Lang_61b
[INFO] Start loading data
[INFO] Elapsed time : 0h 0m 3s 854ms
Working on Lang_64b
[INFO] Start loading data
[INFO] Elapsed time : 0h 0m 1s 924ms
Working on Math_101b
[INFO] Start loading data
[INFO] Elapsed time : 0h 0m 4s 851ms
Working on Math_103b
[INFO] Start loading data
[INFO] Elapsed time : 0h 0m 2s 145ms
Working on Math_104b
[INFO] Start loading data
[INFO] Elapsed time : 0h 0m 2s 220ms
Working on Math_105b
[INFO] Start loading data
[INFO] Elapsed time : 0h 0m 2s 215ms
Working on Math_106b
[INFO] Start loading data
[INFO] Elapsed time : 0h 0m 2s 217ms
Working on Math_17b
[INFO] Start loading data
[INFO] Elapsed time : 0h 0m 2s 453ms
Working on Math_25b
[INFO] Start loading data
[INFO] Elapsed time : 0h 0m 2s 193ms
Working on Math_3b
[INFO] Start loading data
[INFO] Elapsed time : 0h 0m 2s 463ms
Working on Math_35b
[INFO] Start loading data
[INFO] Elapsed time : 0h 0m 6s 651ms
Working on Math_53b
[INFO] Start loading data
[INFO] Elapsed time : 0h 0m 2s 517ms
Working on Math_54b
[INFO] Start loading data
[INFO] Elapsed time : 0h 0m 2s 557ms
Working on Math_55b
[INFO] Start loading data
[INFO] Elapsed time : 0h 0m 2s 375ms
Working on Math_63b
[INFO] Start loading data
[INFO] Elapsed time : 0h 0m 2s 476ms
Working on Math_70b
[INFO] Start loading data
[INFO] Elapsed time : 0h 0m 2s 208ms
Working on Math_79b
[INFO] Start loading data
[INFO] Elapsed time : 0h 0m 2s 229ms
Working on Math_89b
[INFO] Start loading data
[INFO] Elapsed time : 0h 0m 2s 346ms
Working on Math_9b
[INFO] Start loading data
[INFO] Elapsed time : 0h 0m 2s 305ms
Working on Math_92b
[INFO] Start loading data
[INFO] Elapsed time : 0h 0m 2s 492ms
Working on Math_93b
[INFO] Start loading data
[INFO] Elapsed time : 0h 0m 2s 425ms
Working on Math_94b
[INFO] Start loading data
[INFO] Elapsed time : 0h 0m 2s 408ms
Working on Math_96b
[INFO] Start loading data
[INFO] Elapsed time : 0h 0m 2s 354ms
Working on Math_97b
[INFO] Start loading data
[INFO] Elapsed time : 0h 0m 2s 406ms
Working on Mockito_8b
[INFO] Start loading data
[INFO] Elapsed time : 0h 0m 1s 963ms
Working on Time_15b
[INFO] Start loading data
[INFO] Elapsed time : 0h 0m 1s 932ms
