Working on Cli_10b
0h 0m 0s 170ms
Working on Cli_17b
0h 0m 0s 180ms
Working on Cli_18b
0h 0m 0s 207ms
Working on Cli_2b
0h 0m 0s 133ms
Working on Cli_24b
0h 0m 0s 134ms
Working on Cli_25b
0h 0m 0s 161ms
Working on Cli_26b
0h 0m 0s 52ms
Working on Cli_27b
0h 0m 0s 220ms
Working on Cli_28b
0h 0m 0s 256ms
Working on Cli_29b
0h 0m 0s 2ms
Working on Cli_31b
0h 0m 0s 179ms
Working on Cli_35b
0h 0m 0s 159ms
Working on Cli_37b
0h 0m 0s 186ms
Working on Cli_38b
0h 0m 0s 210ms
Working on Cli_5b
0h 0m 0s 118ms
Working on Closure_10b
0h 0m 2s 764ms
Working on Closure_104b
0h 0m 0s 42ms
Working on Closure_113b
0h 0m 3s 51ms
Working on Closure_115b
0h 0m 4s 396ms
Working on Closure_120b
0h 0m 4s 7ms
Working on Closure_121b
0h 0m 3s 960ms
Working on Closure_128b
0h 0m 2s 47ms
Working on Closure_131b
0h 0m 2s 949ms
Working on Closure_133b
0h 0m 1s 10ms
Working on Closure_17b
0h 0m 3s 497ms
Working on Closure_2b
0h 0m 3s 577ms
Working on Closure_21b
0h 0m 2s 637ms
Working on Closure_27b
0h 0m 0s 20ms
Working on Closure_30b
0h 0m 2s 878ms
Working on Closure_31b
0h 0m 3s 687ms
Working on Closure_33b
0h 0m 3s 568ms
Working on Closure_48b
0h 0m 2s 700ms
Working on Closure_52b
0h 0m 1s 137ms
Working on Closure_59b
0h 0m 4s 632ms
Working on Closure_60b
0h 0m 4s 321ms
Working on Closure_61b
0h 0m 1s 505ms
Working on Closure_62b
0h 0m 0s 9ms
Working on Closure_64b
0h 0m 3s 636ms
Working on Closure_65b
0h 0m 0s 922ms
Working on Closure_66b
0h 0m 1s 579ms
Working on Closure_68b
0h 0m 0s 427ms
Working on Closure_73b
0h 0m 0s 849ms
Working on Closure_74b
0h 0m 1s 427ms
Working on Closure_76b
0h 0m 1s 237ms
Working on Closure_8b
0h 0m 2s 598ms
Working on Closure_80b
0h 0m 0s 572ms
Working on Closure_82b
0h 0m 1s 325ms
Working on Closure_85b
0h 0m 1s 42ms
Working on Closure_91b
0h 0m 0s 606ms
Working on Closure_92b
0h 0m 0s 735ms
Working on Closure_99b
0h 0m 0s 404ms
Working on Codec_10b
0h 0m 0s 27ms
Working on Codec_18b
0h 0m 0s 3ms
Working on Codec_3b
0h 0m 0s 43ms
Working on Collections_25b
0h 0m 0s 54ms
Working on Collections_26b
0h 0m 0s 15ms
Working on Compress_26b
0h 0m 0s 3ms
Working on Compress_39b
0h 0m 0s 7ms
Working on Compress_44b
0h 0m 0s 1ms
Working on Compress_7b
0h 0m 0s 6ms
Working on Compress_8b
0h 0m 0s 6ms
Working on Csv_1b
0h 0m 0s 223ms
Working on Csv_11b
0h 0m 0s 485ms
Working on Csv_12b
0h 0m 0s 532ms
Working on Csv_14b
0h 0m 0s 313ms
Working on Csv_15b
0h 0m 0s 339ms
Working on Csv_2b
0h 0m 0s 12ms
Working on Csv_3b
0h 0m 0s 539ms
Working on Csv_4b
0h 0m 0s 286ms
Working on Csv_5b
0h 0m 0s 222ms
Working on Csv_6b
0h 0m 0s 473ms
Working on Csv_7b
0h 0m 0s 439ms
Working on Csv_8b
0h 0m 0s 105ms
Working on Csv_9b
0h 0m 0s 494ms
Working on Gson_10b
0h 0m 0s 663ms
Working on Gson_15b
0h 0m 0s 20ms
Working on Gson_5b
0h 0m 0s 18ms
Working on Gson_6b
0h 0m 0s 759ms
Working on JacksonCore_14b
0h 0m 0s 20ms
Working on JacksonCore_4b
0h 0m 0s 19ms
Working on JacksonCore_5b
0h 0m 0s 11ms
Working on JacksonCore_6b
0h 0m 0s 13ms
Working on JacksonCore_8b
0h 0m 0s 9ms
Working on JacksonDatabind_1b
0h 0m 1s 27ms
Working on JacksonDatabind_13b
0h 0m 2s 316ms
Working on JacksonDatabind_16b
0h 0m 1s 876ms
Working on JacksonDatabind_17b
0h 0m 1s 244ms
Working on JacksonDatabind_3b
0h 0m 1s 200ms
Working on JacksonDatabind_7b
0h 0m 1s 773ms
Working on JacksonXml_3b
0h 0m 0s 145ms
Working on JacksonXml_5b
0h 0m 0s 245ms
Working on Jsoup_1b
0h 0m 0s 197ms
Working on Jsoup_10b
0h 0m 0s 438ms
Working on Jsoup_15b
0h 0m 0s 299ms
Working on Jsoup_17b
0h 0m 0s 295ms
Working on Jsoup_19b
0h 0m 0s 489ms
Working on Jsoup_2b
0h 0m 0s 221ms
Working on Jsoup_24b
0h 0m 0s 472ms
Working on Jsoup_25b
0h 0m 0s 497ms
Working on Jsoup_26b
0h 0m 0s 474ms
Working on Jsoup_27b
0h 0m 0s 6ms
Working on Jsoup_32b
0h 0m 0s 507ms
Working on Jsoup_33b
0h 0m 0s 461ms
Working on Jsoup_34b
0h 0m 0s 269ms
Working on Jsoup_35b
0h 0m 0s 498ms
Working on Jsoup_37b
0h 0m 0s 582ms
Working on Jsoup_38b
0h 0m 0s 458ms
Working on Jsoup_4b
0h 0m 0s 22ms
Working on Jsoup_40b
0h 0m 0s 268ms
Working on Jsoup_41b
0h 0m 0s 723ms
Working on Jsoup_43b
0h 0m 0s 718ms
Working on Jsoup_46b
0h 0m 0s 898ms
Working on Jsoup_47b
0h 0m 0s 724ms
Working on Jsoup_48b
0h 0m 0s 43ms
Working on Jsoup_49b
0h 0m 0s 431ms
Working on Jsoup_5b
0h 0m 0s 263ms
Working on Jsoup_51b
0h 0m 0s 625ms
Working on Jsoup_54b
0h 0m 0s 647ms
Working on Jsoup_55b
0h 0m 0s 716ms
Working on Jsoup_57b
0h 0m 0s 710ms
Working on Jsoup_61b
0h 0m 0s 835ms
Working on Jsoup_62b
0h 0m 0s 743ms
Working on Jsoup_64b
0h 0m 0s 735ms
Working on Jsoup_72b
0h 0m 0s 456ms
Working on Jsoup_85b
0h 0m 0s 9ms
Working on Jsoup_9b
0h 0m 0s 42ms
Working on JxPath_10b
0h 0m 0s 363ms
Working on JxPath_12b
0h 0m 0s 362ms
Working on JxPath_21b
0h 0m 0s 611ms
Working on JxPath_5b
0h 0m 0s 313ms
Working on Lang_13b
0h 0m 0s 24ms
Working on Lang_14b
0h 0m 0s 22ms
Working on Lang_19b
0h 0m 0s 10ms
Working on Lang_21b
0h 0m 0s 21ms
Working on Lang_22b
0h 0m 0s 20ms
Working on Lang_25b
0h 0m 0s 20ms
Working on Lang_26b
0h 0m 0s 41ms
Working on Lang_28b
0h 0m 0s 5ms
Working on Lang_31b
0h 0m 0s 23ms
Working on Lang_39b
0h 0m 0s 28ms
Working on Lang_4b
0h 0m 0s 31ms
Working on Lang_40b
0h 0m 0s 18ms
Working on Lang_43b
0h 0m 0s 18ms
Working on Lang_44b
0h 0m 0s 16ms
Working on Lang_45b
0h 0m 0s 29ms
Working on Lang_46b
0h 0m 0s 32ms
Working on Lang_47b
0h 0m 0s 21ms
Working on Lang_48b
0h 0m 0s 11ms
Working on Lang_49b
0h 0m 0s 16ms
Working on Lang_51b
0h 0m 0s 4ms
Working on Lang_52b
0h 0m 0s 22ms
Working on Lang_53b
0h 0m 0s 44ms
Working on Lang_54b
0h 0m 0s 5ms
Working on Lang_55b
0h 0m 0s 8ms
Working on Lang_57b
0h 0m 0s 3ms
Working on Lang_6b
0h 0m 0s 201ms
Working on Lang_60b
0h 0m 0s 26ms
Working on Lang_61b
0h 0m 0s 23ms
Working on Lang_64b
0h 0m 0s 25ms
Working on Math_10b
0h 0m 0s 215ms
Working on Math_101b
0h 0m 0s 8ms
Working on Math_103b
0h 0m 0s 21ms
Working on Math_104b
0h 0m 0s 15ms
Working on Math_105b
0h 0m 0s 16ms
Working on Math_106b
0h 0m 0s 5ms
Working on Math_14b
0h 0m 0s 268ms
Working on Math_15b
0h 0m 0s 317ms
Working on Math_17b
0h 0m 0s 44ms
Working on Math_2b
0h 0m 0s 273ms
Working on Math_23b
0h 0m 0s 263ms
Working on Math_24b
0h 0m 0s 275ms
Working on Math_25b
0h 0m 0s 16ms
Working on Math_26b
0h 0m 0s 493ms
Working on Math_28b
0h 0m 0s 432ms
Working on Math_3b
0h 0m 0s 7ms
Working on Math_35b
0h 0m 0s 5ms
Working on Math_42b
0h 0m 0s 414ms
Working on Math_45b
0h 0m 0s 21ms
Working on Math_46b
0h 0m 0s 182ms
Working on Math_48b
0h 0m 0s 272ms
Working on Math_50b
0h 0m 0s 117ms
Working on Math_53b
0h 0m 0s 29ms
Working on Math_54b
0h 0m 0s 43ms
Working on Math_55b
0h 0m 0s 13ms
Working on Math_60b
0h 0m 0s 150ms
Working on Math_63b
0h 0m 0s 14ms
Working on Math_64b
0h 0m 0s 89ms
Working on Math_70b
0h 0m 0s 18ms
Working on Math_75b
0h 0m 0s 38ms
Working on Math_79b
0h 0m 0s 36ms
Working on Math_87b
0h 0m 0s 161ms
Working on Math_88b
0h 0m 0s 162ms
Working on Math_89b
0h 0m 0s 6ms
Working on Math_9b
0h 0m 0s 232ms
Working on Math_92b
0h 0m 0s 14ms
Working on Math_93b
0h 0m 0s 7ms
Working on Math_94b
0h 0m 0s 7ms
Working on Math_96b
0h 0m 0s 13ms
Working on Math_97b
0h 0m 0s 17ms
Working on Mockito_8b
0h 0m 0s 23ms
Working on Time_1b
0h 0m 0s 401ms
Working on Time_11b
0h 0m 0s 469ms
Working on Time_15b
0h 0m 0s 4ms
Working on Time_16b
0h 0m 0s 703ms
Working on Time_2b
0h 0m 0s 614ms
Working on Time_7b
0h 0m 0s 695ms
