Working on project Cli-10b
(git) : 0h 0m 7s 207ms
Working on project Cli-17b
(git) : 0h 0m 7s 650ms
Working on project Cli-18b
(git) : 0h 0m 8s 581ms
Working on project Cli-2b
(git) : 0h 0m 7s 712ms
Working on project Cli-24b
(git) : 0h 0m 7s 84ms
Working on project Cli-25b
(git) : 0h 0m 7s 248ms
Working on project Cli-26b
(git) : 0h 0m 2s 392ms
Working on project Cli-27b
(git) : 0h 0m 12s 298ms
Working on project Cli-28b
(git) : 0h 0m 12s 638ms
Working on project Cli-29b
(git) : 0h 0m 0s 60ms
Working on project Cli-31b
(git) : 0h 0m 9s 151ms
Working on project Cli-35b
(git) : 0h 0m 6s 380ms
Working on project Cli-37b
(git) : 0h 0m 8s 682ms
Working on project Cli-38b
(git) : 0h 0m 8s 860ms
Working on project Cli-5b
(git) : 0h 0m 5s 149ms
Working on project Closure-10b
(git) : 0h 6m 30s 870ms
Working on project Closure-104b
(git) : 0h 0m 5s 580ms
Working on project Closure-113b
(git) : 0h 7m 22s 970ms
Working on project Closure-115b
(git) : 0h 14m 7s 340ms
Working on project Closure-120b
(git) : 0h 10m 38s 420ms
Working on project Closure-121b
(git) : 0h 10m 40s 474ms
Working on project Closure-128b
(git) : 0h 3m 21s 998ms
Working on project Closure-131b
(git) : 0h 7m 21s 815ms
Working on project Closure-133b
(git) : 0h 1m 32s 777ms
Working on project Closure-17b
(git) : 0h 11m 33s 115ms
Working on project Closure-2b
(git) : 0h 10m 43s 759ms
Working on project Closure-21b
(git) : 0h 6m 24s 805ms
Working on project Closure-27b
(git) : 0h 0m 1s 450ms
Working on project Closure-30b
(git) : 0h 8m 30s 147ms
Working on project Closure-31b
(git) : 0h 8m 23s 636ms
Working on project Closure-33b
(git) : 0h 11m 37s 672ms
Working on project Closure-48b
(git) : 0h 8m 50s 597ms
Working on project Closure-52b
(git) : 0h 1m 44s 952ms
Working on project Closure-59b
(git) : 0h 22m 21s 374ms
Working on project Closure-60b
(git) : 0h 20m 0s 283ms
Working on project Closure-61b
(git) : 0h 3m 18s 520ms
Working on project Closure-62b
(git) : 0h 0m 0s 778ms
Working on project Closure-64b
(git) : 0h 13m 12s 99ms
Working on project Closure-65b
(git) : 0h 1m 26s 522ms
Working on project Closure-66b
(git) : 0h 4m 35s 199ms
Working on project Closure-68b
(git) : 0h 0m 40s 490ms
Working on project Closure-73b
(git) : 0h 1m 12s 803ms
Working on project Closure-74b
(git) : 0h 3m 5s 712ms
Working on project Closure-76b
(git) : 0h 3m 7s 645ms
Working on project Closure-8b
(git) : 0h 6m 7s 491ms
Working on project Closure-80b
(git) : 0h 0m 55s 986ms
Working on project Closure-82b
(git) : 0h 4m 18s 69ms
Working on project Closure-85b
(git) : 0h 2m 31s 668ms
Working on project Closure-91b
(git) : 0h 1m 34s 818ms
Working on project Closure-92b
(git) : 0h 1m 44s 664ms
Working on project Closure-99b
(git) : 0h 1m 7s 502ms
Working on project Codec-10b
(git) : 0h 0m 0s 188ms
Working on project Codec-18b
(git) : 0h 0m 0s 181ms
Working on project Codec-3b
(git) : 0h 0m 3s 946ms
Working on project Collections-25b
(git) : 0h 0m 4s 261ms
Working on project Collections-26b
(git) : 0h 0m 0s 511ms
Working on project Compress-26b
(git) : 0h 0m 0s 85ms
Working on project Compress-39b
(git) : 0h 0m 0s 230ms
Working on project Compress-44b
(git) : 0h 0m 0s 30ms
Working on project Compress-7b
(git) : 0h 0m 0s 468ms
Working on project Compress-8b
(git) : 0h 0m 0s 466ms
Working on project Csv-1b
(git) : 0h 0m 8s 657ms
Working on project Csv-11b
(git) : 0h 0m 20s 254ms
Working on project Csv-12b
(git) : 0h 0m 23s 782ms
Working on project Csv-14b
(git) : 0h 0m 18s 705ms
Working on project Csv-15b
(git) : 0h 0m 19s 215ms
Working on project Csv-2b
(git) : 0h 0m 0s 477ms
Working on project Csv-3b
(git) : 0h 0m 24s 306ms
Working on project Csv-4b
(git) : 0h 0m 12s 869ms
Working on project Csv-5b
(git) : 0h 0m 9s 737ms
Working on project Csv-6b
(git) : 0h 0m 19s 556ms
Working on project Csv-7b
(git) : 0h 0m 18s 103ms
Working on project Csv-8b
(git) : 0h 0m 5s 402ms
Working on project Csv-9b
(git) : 0h 0m 20s 255ms
Working on project Gson-10b
(git) : 0h 0m 42s 816ms
Working on project Gson-15b
(git) : 0h 0m 0s 882ms
Working on project Gson-5b
(git) : 0h 0m 0s 788ms
Working on project Gson-6b
(git) : 0h 0m 42s 331ms
Working on project JacksonCore-14b
(git) : 0h 0m 0s 921ms
Working on project JacksonCore-4b
(git) : 0h 0m 0s 952ms
Working on project JacksonCore-5b
(git) : 0h 0m 0s 348ms
Working on project JacksonCore-6b
(git) : 0h 0m 0s 417ms
Working on project JacksonCore-8b
(git) : 0h 0m 0s 456ms
Working on project JacksonDatabind-1b
(git) : 0h 1m 58s 471ms
Working on project JacksonDatabind-13b
(git) : 0h 5m 14s 119ms
Working on project JacksonDatabind-16b
(git) : 0h 3m 37s 529ms
Working on project JacksonDatabind-17b
(git) : 0h 2m 9s 359ms
Working on project JacksonDatabind-3b
(git) : 0h 1m 50s 143ms
Working on project JacksonDatabind-7b
(git) : 0h 3m 25s 644ms
Working on project JacksonXml-3b
(git) : 0h 0m 4s 785ms
Working on project JacksonXml-5b
(git) : 0h 0m 13s 796ms
Working on project Jsoup-1b
(git) : 0h 0m 14s 604ms
Working on project Jsoup-10b
(git) : 0h 0m 29s 784ms
Working on project Jsoup-15b
(git) : 0h 0m 28s 12ms
Working on project Jsoup-17b
(git) : 0h 0m 22s 278ms
Working on project Jsoup-19b
(git) : 0h 0m 40s 648ms
Working on project Jsoup-2b
(git) : 0h 0m 16s 449ms
Working on project Jsoup-24b
(git) : 0h 0m 37s 231ms
Working on project Jsoup-25b
(git) : 0h 0m 39s 764ms
Working on project Jsoup-26b
(git) : 0h 0m 39s 763ms
Working on project Jsoup-27b
(git) : 0h 0m 0s 279ms
Working on project Jsoup-32b
(git) : 0h 0m 41s 548ms
Working on project Jsoup-33b
(git) : 0h 0m 44s 840ms
Working on project Jsoup-34b
(git) : 0h 0m 18s 491ms
Working on project Jsoup-35b
(git) : 0h 0m 45s 378ms
Working on project Jsoup-37b
(git) : 0h 0m 55s 774ms
Working on project Jsoup-38b
(git) : 0h 0m 39s 927ms
Working on project Jsoup-4b
(git) : 0h 0m 0s 863ms
Working on project Jsoup-40b
(git) : 0h 0m 20s 430ms
Working on project Jsoup-41b
(git) : 0h 1m 15s 887ms
Working on project Jsoup-43b
(git) : 0h 1m 14s 410ms
Working on project Jsoup-46b
(git) : 0h 1m 31s 391ms
Working on project Jsoup-47b
(git) : 0h 1m 19s 828ms
Working on project Jsoup-48b
(git) : 0h 0m 2s 100ms
Working on project Jsoup-49b
(git) : 0h 0m 22s 115ms
Working on project Jsoup-5b
(git) : 0h 0m 16s 334ms
Working on project Jsoup-51b
(git) : 0h 1m 3s 118ms
Working on project Jsoup-54b
(git) : 0h 1m 9s 194ms
Working on project Jsoup-55b
(git) : 0h 1m 16s 98ms
Working on project Jsoup-57b
(git) : 0h 1m 19s 35ms
Working on project Jsoup-61b
(git) : 0h 1m 28s 249ms
Working on project Jsoup-62b
(git) : 0h 1m 18s 90ms
Working on project Jsoup-64b
(git) : 0h 1m 21s 295ms
Working on project Jsoup-72b
(git) : 0h 0m 34s 426ms
Working on project Jsoup-85b
(git) : 0h 0m 0s 461ms
Working on project Jsoup-9b
(git) : 0h 0m 1s 435ms
Working on project JxPath-10b
(git) : 0h 2m 25s 364ms
Working on project JxPath-12b
(git) : 0h 2m 23s 669ms
Working on project JxPath-21b
(git) : 0h 3m 48s 299ms
Working on project JxPath-5b
(git) : 0h 2m 31s 363ms
Working on project Lang-13b
(git) : 0h 0m 0s 841ms
Working on project Lang-14b
(git) : 0h 0m 7s 834ms
Working on project Lang-19b
(git) : 0h 0m 0s 399ms
Working on project Lang-21b
(git) : 0h 0m 0s 631ms
Working on project Lang-22b
(git) : 0h 0m 1s 333ms
Working on project Lang-25b
(git) : 0h 0m 0s 416ms
Working on project Lang-26b
(git) : 0h 0m 4s 673ms
Working on project Lang-28b
(git) : 0h 0m 0s 136ms
Working on project Lang-31b
(git) : 0h 0m 9s 201ms
Working on project Lang-39b
(git) : 0h 0m 6s 291ms
Working on project Lang-4b
(git) : 0h 0m 0s 382ms
Working on project Lang-40b
(git) : 0h 0m 1s 27ms
Working on project Lang-43b
(git) : 0h 0m 0s 964ms
Working on project Lang-44b
(git) : 0h 0m 0s 595ms
Working on project Lang-45b
(git) : 0h 0m 1s 791ms
Working on project Lang-46b
(git) : 0h 0m 1s 25ms
Working on project Lang-47b
(git) : 0h 0m 3s 183ms
Working on project Lang-48b
(git) : 0h 0m 0s 567ms
Working on project Lang-49b
(git) : 0h 0m 1s 271ms
Working on project Lang-51b
(git) : 0h 0m 0s 190ms
Working on project Lang-52b
(git) : 0h 0m 0s 782ms
Working on project Lang-53b
(git) : 0h 0m 1s 770ms
Working on project Lang-54b
(git) : 0h 0m 0s 257ms
Working on project Lang-55b
(git) : 0h 0m 0s 279ms
Working on project Lang-57b
(git) : 0h 0m 0s 183ms
Working on project Lang-6b
(git) : 0h 0m 24s 450ms
Working on project Lang-60b
(git) : 0h 0m 2s 940ms
Working on project Lang-61b
(git) : 0h 0m 3s 634ms
Working on project Lang-64b
(git) : 0h 0m 1s 420ms
Working on project Math-10b
(git) : 0h 0m 31s 216ms
Working on project Math-101b
(git) : 0h 0m 0s 441ms
Working on project Math-103b
(git) : 0h 0m 0s 969ms
Working on project Math-104b
(git) : 0h 0m 0s 634ms
Working on project Math-105b
(git) : 0h 0m 0s 425ms
Working on project Math-106b
(git) : 0h 0m 0s 240ms
Working on project Math-14b
(git) : 0h 0m 33s 903ms
Working on project Math-15b
(git) : 0h 0m 48s 532ms
Working on project Math-17b
(git) : 0h 0m 2s 16ms
Working on project Math-2b
(git) : 0h 0m 26s 157ms
Working on project Math-23b
(git) : 0h 0m 30s 631ms
Working on project Math-24b
(git) : 0h 0m 30s 204ms
Working on project Math-25b
(git) : 0h 0m 0s 634ms
Working on project Math-26b
(git) : 0h 0m 38s 574ms
Working on project Math-28b
(git) : 0h 0m 47s 584ms
Working on project Math-3b
(git) : 0h 0m 0s 254ms
Working on project Math-35b
(git) : 0h 0m 0s 296ms
Working on project Math-42b
(git) : 0h 0m 49s 636ms
Working on project Math-45b
(git) : 0h 0m 2s 218ms
Working on project Math-46b
(git) : 0h 0m 19s 415ms
Working on project Math-48b
(git) : 0h 0m 21s 662ms
Working on project Math-50b
(git) : 0h 0m 11s 122ms
Working on project Math-53b
(git) : 0h 0m 1s 615ms
Working on project Math-54b
(git) : 0h 0m 1s 837ms
Working on project Math-55b
(git) : 0h 0m 0s 734ms
Working on project Math-60b
(git) : 0h 0m 10s 520ms
Working on project Math-63b
(git) : 0h 0m 1s 120ms
Working on project Math-64b
(git) : 0h 0m 3s 593ms
Working on project Math-70b
(git) : 0h 0m 0s 838ms
Working on project Math-75b
(git) : 0h 0m 2s 100ms
Working on project Math-79b
(git) : 0h 0m 0s 577ms
Working on project Math-87b
(git) : 0h 0m 13s 335ms
Working on project Math-88b
(git) : 0h 0m 13s 439ms
Working on project Math-89b
(git) : 0h 0m 0s 373ms
Working on project Math-9b
(git) : 0h 0m 23s 924ms
Working on project Math-92b
(git) : 0h 0m 1s 346ms
Working on project Math-93b
(git) : 0h 0m 0s 915ms
Working on project Math-94b
(git) : 0h 0m 0s 803ms
Working on project Math-96b
(git) : 0h 0m 0s 524ms
Working on project Math-97b
(git) : 0h 0m 0s 563ms
Working on project Mockito-8b
(git) : 0h 0m 1s 649ms
Working on project Time-1b
(git) : 0h 0m 48s 235ms
Working on project Time-11b
(git) : 0h 1m 5s 417ms
Working on project Time-15b
(git) : 0h 0m 0s 195ms
Working on project Time-16b
(git) : 0h 2m 32s 358ms
Working on project Time-2b
(git) : 0h 1m 41s 550ms
Working on project Time-7b
(git) : 0h 2m 26s 829ms
