Working on project Cli-29b
Working on project Closure-10b
Working on project Closure-104b
Working on project Closure-113b
Working on project Closure-115b
Working on project Closure-120b
Working on project Cli-29b
Working on project Cli-29b
Working on project Closure-10b
Working on project Closure-104b
Working on project Closure-113b
Working on project Closure-115b
Working on project Closure-120b
Working on project Closure-121b
Working on project Closure-128b
Working on project Closure-133b
Working on project Closure-17b
Working on project Closure-2b
Working on project Closure-21b
Working on project Closure-27b
Working on project Closure-30b
Working on project Closure-31b
Working on project Closure-33b
Working on project Closure-48b
Working on project Closure-52b
Working on project Closure-59b
Working on project Closure-60b
Working on project Closure-61b
Working on project Closure-62b
Working on project Closure-64b
Working on project Closure-65b
Working on project Closure-66b
Working on project Closure-68b
Working on project Closure-73b
Working on project Closure-74b
Working on project Closure-76b
Working on project Closure-8b
Working on project Closure-80b
Working on project Closure-82b
Working on project Closure-85b
Working on project Closure-91b
Working on project Closure-92b
Working on project Closure-99b
Working on project Codec-10b
Working on project Codec-18b
Working on project Codec-3b
Working on project Compress-26b
Working on project Compress-39b
Working on project Compress-44b
Working on project Compress-7b
Working on project Compress-8b
Working on project Gson-15b
Working on project JacksonCore-14b
Working on project JacksonCore-4b
Working on project JacksonCore-5b
Working on project JacksonCore-6b
Working on project JacksonCore-8b
Working on project Jsoup-27b
Working on project Jsoup-4b
Working on project Jsoup-85b
Working on project Jsoup-9b
Working on project Lang-13b
Working on project Lang-14b
Working on project Lang-19b
Working on project Lang-21b
Working on project Lang-22b
Working on project Lang-25b
Working on project Lang-26b
Working on project Lang-28b
Working on project Lang-31b
Working on project Lang-39b
Working on project Lang-4b
Working on project Lang-40b
Working on project Lang-43b
Working on project Lang-44b
Working on project Lang-45b
Working on project Lang-46b
Working on project Lang-47b
Working on project Lang-48b
Working on project Lang-49b
Working on project Lang-51b
Working on project Lang-52b
Working on project Lang-53b
Working on project Lang-54b
Working on project Lang-55b
Working on project Lang-57b
Working on project Lang-6b
Working on project Lang-60b
Working on project Lang-61b
Working on project Lang-64b
Working on project Math-10b
Working on project Math-101b
Working on project Math-103b
Working on project Math-104b
Working on project Math-105b
Working on project Math-106b
Working on project Math-14b
Working on project Math-15b
Working on project Math-17b
Working on project Math-2b
Working on project Math-23b
Working on project Math-24b
Working on project Math-25b
Working on project Math-26b
Working on project Math-28b
Working on project Math-3b
Working on project Math-35b
Working on project Math-42b
Working on project Math-45b
Working on project Math-46b
Working on project Math-48b
Working on project Math-50b
Working on project Math-53b
Working on project Math-54b
Working on project Math-55b
Working on project Math-60b
Working on project Math-63b
Working on project Math-64b
Working on project Math-70b
Working on project Math-75b
Working on project Math-79b
Working on project Math-87b
Working on project Math-88b
Working on project Math-89b
Working on project Math-92b
Working on project Math-93b
Working on project Math-94b
Working on project Math-96b
Working on project Math-97b
Working on project Mockito-8b
Working on project Time-1b
Working on project Time-11b
Working on project Time-15b
Working on project Time-16b
Working on project Time-2b
Working on project Time-7b
