Working on Cli_10b
[ERROR] Failed to get file aae50c5~1:src/java/org/apache/commons/cli/CommandLine.java
[ERROR] Failed to get file aae50c5~1:src/java/org/apache/commons/cli/Option.java
[ERROR] Failed to get file aae50c5~1:src/java/org/apache/commons/cli/Options.java
[ERROR] Failed to get file aae50c5~1:src/java/org/apache/commons/cli/CommandLine.java
[ERROR] Failed to get file aae50c5~1:src/java/org/apache/commons/cli/Option.java
[ERROR] Failed to get file aae50c5~1:src/java/org/apache/commons/cli/Options.java
[ERROR] Failed to get file 347bbeb~1:src/java/org/apache/commons/cli/OptionValidator.java
[ERROR] Failed to get file 347bbeb~1:src/java/org/apache/commons/cli/Util.java
[ERROR] Failed to get file 347bbeb~1:src/java/org/apache/commons/cli/OptionValidator.java
[ERROR] Failed to get file 347bbeb~1:src/java/org/apache/commons/cli/Util.java
[ERROR] Failed to get file 4cca25d~1:src/java/org/apache/commons/cli/PosixParser.java
[ERROR] Failed to get file 4cca25d~1:src/java/org/apache/commons/cli/PosixParser.java
[ERROR] Failed to get file dde6993~1:src/java/org/apache/commons/cli/Parser.java
[ERROR] Failed to get file dde6993~1:src/java/org/apache/commons/cli/Parser.java
[ERROR] Failed to get file ead3757~1:src/java/org/apache/commons/cli/GnuParser.java
[ERROR] Failed to get file ead3757~1:src/java/org/apache/commons/cli/GnuParser.java
[ERROR] Failed to get file 7f90b98~1:src/java/org/apache/commons/cli/OptionBuilder.java
[ERROR] Failed to get file 7f90b98~1:src/java/org/apache/commons/cli/OptionBuilder.java
Working on Cli_17b
[ERROR] Failed to get file aae50c5~1:src/java/org/apache/commons/cli/CommandLine.java
[ERROR] Failed to get file aae50c5~1:src/java/org/apache/commons/cli/Option.java
[ERROR] Failed to get file aae50c5~1:src/java/org/apache/commons/cli/Options.java
[ERROR] Failed to get file aae50c5~1:src/java/org/apache/commons/cli/CommandLine.java
[ERROR] Failed to get file aae50c5~1:src/java/org/apache/commons/cli/Option.java
[ERROR] Failed to get file aae50c5~1:src/java/org/apache/commons/cli/Options.java
[ERROR] Failed to get file 347bbeb~1:src/java/org/apache/commons/cli/OptionValidator.java
[ERROR] Failed to get file 347bbeb~1:src/java/org/apache/commons/cli/Util.java
[ERROR] Failed to get file 347bbeb~1:src/java/org/apache/commons/cli/OptionValidator.java
[ERROR] Failed to get file 347bbeb~1:src/java/org/apache/commons/cli/Util.java
[ERROR] Failed to get file 4cca25d~1:src/java/org/apache/commons/cli/PosixParser.java
[ERROR] Failed to get file 4cca25d~1:src/java/org/apache/commons/cli/PosixParser.java
[ERROR] Failed to get file dde6993~1:src/java/org/apache/commons/cli/Parser.java
[ERROR] Failed to get file dde6993~1:src/java/org/apache/commons/cli/Parser.java
Working on Cli_18b
[ERROR] Failed to get file aae50c5~1:src/java/org/apache/commons/cli/CommandLine.java
[ERROR] Failed to get file aae50c5~1:src/java/org/apache/commons/cli/Option.java
[ERROR] Failed to get file aae50c5~1:src/java/org/apache/commons/cli/Options.java
[ERROR] Failed to get file aae50c5~1:src/java/org/apache/commons/cli/CommandLine.java
[ERROR] Failed to get file aae50c5~1:src/java/org/apache/commons/cli/Option.java
[ERROR] Failed to get file aae50c5~1:src/java/org/apache/commons/cli/Options.java
[ERROR] Failed to get file 347bbeb~1:src/java/org/apache/commons/cli/OptionValidator.java
[ERROR] Failed to get file 347bbeb~1:src/java/org/apache/commons/cli/Util.java
[ERROR] Failed to get file 347bbeb~1:src/java/org/apache/commons/cli/OptionValidator.java
[ERROR] Failed to get file 347bbeb~1:src/java/org/apache/commons/cli/Util.java
[ERROR] Failed to get file 4cca25d~1:src/java/org/apache/commons/cli/PosixParser.java
[ERROR] Failed to get file 4cca25d~1:src/java/org/apache/commons/cli/PosixParser.java
[ERROR] Failed to get file dde6993~1:src/java/org/apache/commons/cli/Parser.java
[ERROR] Failed to get file dde6993~1:src/java/org/apache/commons/cli/Parser.java
Working on Cli_2b
[ERROR] Failed to get file aae50c5~1:src/java/org/apache/commons/cli/CommandLine.java
[ERROR] Failed to get file aae50c5~1:src/java/org/apache/commons/cli/Option.java
[ERROR] Failed to get file aae50c5~1:src/java/org/apache/commons/cli/Options.java
[ERROR] Failed to get file aae50c5~1:src/java/org/apache/commons/cli/ParseException.java
[ERROR] Failed to get file aae50c5~1:src/java/org/apache/commons/cli/UnrecognizedOptionException.java
[ERROR] Failed to get file aae50c5~1:src/java/org/apache/commons/cli/CommandLine.java
[ERROR] Failed to get file aae50c5~1:src/java/org/apache/commons/cli/Option.java
[ERROR] Failed to get file aae50c5~1:src/java/org/apache/commons/cli/Options.java
[ERROR] Failed to get file aae50c5~1:src/java/org/apache/commons/cli/ParseException.java
[ERROR] Failed to get file aae50c5~1:src/java/org/apache/commons/cli/UnrecognizedOptionException.java
[ERROR] Failed to get file 347bbeb~1:src/java/org/apache/commons/cli/OptionValidator.java
[ERROR] Failed to get file 347bbeb~1:src/java/org/apache/commons/cli/Util.java
[ERROR] Failed to get file 347bbeb~1:src/java/org/apache/commons/cli/OptionValidator.java
[ERROR] Failed to get file 347bbeb~1:src/java/org/apache/commons/cli/Util.java
[ERROR] Failed to get file 4cca25d~1:src/java/org/apache/commons/cli/PosixParser.java
[ERROR] Failed to get file 4cca25d~1:src/java/org/apache/commons/cli/PosixParser.java
[ERROR] Failed to get file 7f90b98~1:src/java/org/apache/commons/cli/OptionBuilder.java
[ERROR] Failed to get file 7f90b98~1:src/java/org/apache/commons/cli/OptionBuilder.java
[ERROR] Failed to get file dde6993~1:src/java/org/apache/commons/cli/Parser.java
[ERROR] Failed to get file dde6993~1:src/java/org/apache/commons/cli/Parser.java
Working on Cli_24b
[ERROR] Failed to get file aae50c5~1:src/java/org/apache/commons/cli/HelpFormatter.java
[ERROR] Failed to get file aae50c5~1:src/java/org/apache/commons/cli/Option.java
[ERROR] Failed to get file aae50c5~1:src/java/org/apache/commons/cli/Options.java
[ERROR] Failed to get file aae50c5~1:src/java/org/apache/commons/cli/HelpFormatter.java
[ERROR] Failed to get file aae50c5~1:src/java/org/apache/commons/cli/Option.java
[ERROR] Failed to get file aae50c5~1:src/java/org/apache/commons/cli/Options.java
[ERROR] Failed to get file 347bbeb~1:src/java/org/apache/commons/cli/OptionValidator.java
[ERROR] Failed to get file 347bbeb~1:src/java/org/apache/commons/cli/OptionValidator.java
Working on Cli_25b
Working on Cli_29b
