Working on Cli_10b
(git) : 0h 4m 38s 862ms
Working on Cli_17b
(git) : 0h 5m 11s 411ms
Working on Cli_18b
(git) : 0h 5m 19s 956ms
Working on Cli_2b
(git) : 0h 5m 13s 258ms
Working on Cli_24b
(git) : 0h 3m 43s 149ms
Working on Cli_25b
(git) : 0h 3m 48s 80ms
Working on Cli_26b
(git) : 0h 1m 41s 781ms
Working on Cli_27b
(git) : 0h 8m 25s 629ms
Working on Cli_28b
(git) : 0h 8m 6s 807ms
Working on Cli_29b
(git) : 0h 0m 5s 325ms
Working on Cli_31b
(git) : 0h 5m 0s 239ms
Working on Cli_35b
(git) : 0h 5m 2s 701ms
Working on Cli_37b
(git) : 0h 5m 56s 323ms
Working on Cli_38b
(git) : 0h 6m 5s 143ms
Working on Cli_5b
(git) : 0h 3m 53s 34ms
Working on Closure_10b
(git) : 0h 48m 16s 911ms
Working on Closure_104b
(git) : 0h 1m 34s 358ms
Working on Closure_113b
(git) : 0h 53m 58s 658ms
Working on Closure_115b
(git) : 1h 20m 18s 664ms
Working on Closure_120b
(git) : 1h 8m 9s 310ms
Working on Closure_121b
(git) : 1h 7m 59s 768ms
Working on Closure_128b
(git) : 0h 31m 26s 413ms
Working on Closure_131b
(git) : 0h 54m 23s 963ms
Working on Closure_133b
(git) : 0h 19m 49s 823ms
Working on Closure_17b
(git) : 1h 8m 21s 572ms
Working on Closure_2b
(git) : 1h 7m 50s 941ms
Working on Closure_21b
(git) : 0h 46m 10s 62ms
Working on Closure_27b
(git) : 0h 0m 16s 911ms
Working on Closure_30b
(git) : 0h 53m 49s 331ms
Working on Closure_31b
(git) : 0h 53m 49s 861ms
Working on Closure_33b
(git) : 1h 7m 42s 356ms
Working on Closure_48b
(git) : 0h 56m 8s 189ms
Working on Closure_52b
(git) : 0h 19m 5s 286ms
Working on Closure_59b
(git) : 1h 31m 15s 373ms
Working on Closure_60b
(git) : 1h 23m 23s 525ms
Working on Closure_61b
(git) : 0h 26m 46s 277ms
Working on Closure_62b
(git) : 0h 0m 32s 951ms
Working on Closure_64b
(git) : 1h 4m 6s 738ms
Working on Closure_65b
(git) : 0h 14m 50s 912ms
Working on Closure_66b
(git) : 0h 31m 58s 816ms
Working on Closure_68b
(git) : 0h 9m 1s 477ms
Working on Closure_73b
(git) : 0h 13m 20s 16ms
Working on Closure_74b
(git) : 0h 25m 34s 646ms
Working on Closure_76b
(git) : 0h 24m 40s 92ms
Working on Closure_8b
(git) : 0h 46m 33s 901ms
Working on Closure_80b
(git) : 0h 9m 58s 144ms
Working on Closure_82b
(git) : 0h 27m 21s 610ms
Working on Closure_85b
(git) : 0h 20m 35s 935ms
Working on Closure_91b
(git) : 0h 13m 3s 442ms
Working on Closure_92b
(git) : 0h 14m 41s 901ms
Working on Closure_99b
(git) : 0h 9m 47s 148ms
Working on Codec_10b
(git) : 0h 0m 9s 524ms
Working on Codec_18b
(git) : 0h 0m 10s 897ms
Working on Codec_3b
(git) : 0h 0m 58s 567ms
Working on Collections_25b
(git) : 0h 2m 6s 149ms
Working on Collections_26b
(git) : 0h 0m 27s 216ms
Working on Compress_26b
(git) : 0h 0m 5s 468ms
Working on Compress_39b
(git) : 0h 0m 11s 39ms
Working on Compress_44b
(git) : 0h 0m 1s 682ms
Working on Compress_7b
(git) : 0h 0m 13s 843ms
Working on Compress_8b
(git) : 0h 0m 13s 818ms
Working on Csv_1b
(git) : 0h 4m 56s 786ms
Working on Csv_11b
(git) : 0h 12m 6s 746ms
Working on Csv_12b
(git) : 0h 13m 31s 367ms
Working on Csv_14b
(git) : 0h 8m 48s 750ms
Working on Csv_15b
(git) : 0h 8m 6s 778ms
Working on Csv_2b
(git) : 0h 0m 35s 71ms
Working on Csv_3b
(git) : 0h 14m 40s 732ms
Working on Csv_4b
(git) : 0h 7m 18s 3ms
Working on Csv_5b
(git) : 0h 5m 31s 430ms
Working on Csv_6b
(git) : 0h 11m 51s 58ms
Working on Csv_7b
(git) : 0h 10m 56s 403ms
Working on Csv_8b
(git) : 0h 2m 48s 694ms
Working on Csv_9b
(git) : 0h 12m 23s 535ms
Working on Gson_10b
(git) : 0h 18m 2s 736ms
Working on Gson_15b
(git) : 0h 0m 25s 73ms
Working on Gson_5b
(git) : 0h 0m 38s 171ms
Working on Gson_6b
(git) : 0h 16m 58s 922ms
Working on JacksonCore_14b
(git) : 0h 0m 47s 984ms
Working on JacksonCore_4b
(git) : 0h 0m 37s 177ms
Working on JacksonCore_5b
(git) : 0h 0m 18s 97ms
Working on JacksonCore_6b
(git) : 0h 0m 22s 11ms
Working on JacksonCore_8b
(git) : 0h 0m 19s 42ms
Working on JacksonDatabind_1b
(git) : 0h 25m 16s 615ms
Working on JacksonDatabind_13b
(git) : 0h 53m 42s 265ms
Working on JacksonDatabind_16b
(git) : 0h 43m 41s 971ms
Working on JacksonDatabind_17b
(git) : 0h 28m 48s 982ms
Working on JacksonDatabind_3b
(git) : 0h 25m 30s 692ms
Working on JacksonDatabind_7b
(git) : 0h 39m 36s 160ms
Working on JacksonXml_3b
(git) : 0h 2m 20s 678ms
Working on JacksonXml_5b
(git) : 0h 7m 48s 438ms
Working on Jsoup_1b
(git) : 0h 7m 39s 923ms
Working on Jsoup_10b
(git) : 0h 12m 20s 277ms
Working on Jsoup_15b
(git) : 0h 9m 26s 637ms
Working on Jsoup_17b
(git) : 0h 7m 48s 600ms
Working on Jsoup_19b
(git) : 0h 14m 33s 362ms
Working on Jsoup_2b
(git) : 0h 8m 28s 677ms
Working on Jsoup_24b
(git) : 0h 13m 0s 707ms
Working on Jsoup_25b
(git) : 0h 13m 41s 649ms
Working on Jsoup_26b
(git) : 0h 13m 17s 797ms
Working on Jsoup_27b
(git) : 0h 0m 19s 26ms
Working on Jsoup_32b
(git) : 0h 14m 2s 427ms
Working on Jsoup_33b
(git) : 0h 14m 58s 712ms
Working on Jsoup_34b
(git) : 0h 7m 8s 908ms
Working on Jsoup_35b
(git) : 0h 15m 10s 976ms
Working on Jsoup_37b
(git) : 0h 17m 49s 962ms
Working on Jsoup_38b
(git) : 0h 12m 47s 333ms
Working on Jsoup_4b
(git) : 0h 0m 12s 31ms
Working on Jsoup_40b
(git) : 0h 7m 25s 2ms
Working on Jsoup_41b
(git) : 0h 20m 46s 538ms
Working on Jsoup_43b
(git) : 0h 19m 32s 239ms
Working on Jsoup_46b
(git) : 0h 24m 12s 656ms
Working on Jsoup_47b
(git) : 0h 22m 46s 875ms
Working on Jsoup_48b
(git) : 0h 1m 0s 333ms
Working on Jsoup_49b
(git) : 0h 11m 39s 546ms
Working on Jsoup_5b
(git) : 0h 7m 32s 221ms
Working on Jsoup_51b
(git) : 0h 17m 22s 841ms
Working on Jsoup_54b
(git) : 0h 18m 8s 708ms
Working on Jsoup_55b
(git) : 0h 19m 48s 922ms
Working on Jsoup_57b
(git) : 0h 20m 30s 767ms
Working on Jsoup_61b
(git) : 0h 22m 56s 496ms
Working on Jsoup_62b
(git) : 0h 21m 9s 32ms
Working on Jsoup_64b
(git) : 0h 23m 5s 511ms
Working on Jsoup_72b
(git) : 0h 11m 30s 20ms
Working on Jsoup_85b
(git) : 0h 0m 28s 978ms
Working on Jsoup_9b
(git) : 0h 0m 25s 870ms
Working on JxPath_10b
(git) : 0h 15m 34s 446ms
Working on JxPath_12b
(git) : 0h 15m 26s 83ms
Working on JxPath_21b
(git) : 0h 31m 10s 384ms
Working on JxPath_5b
(git) : 0h 17m 3s 492ms
Working on Lang_13b
(git) : 0h 0m 48s 541ms
Working on Lang_14b
(git) : 0h 0m 23s 383ms
Working on Lang_19b
(git) : 0h 0m 27s 971ms
Working on Lang_21b
(git) : 0h 0m 19s 949ms
Working on Lang_22b
(git) : 0h 0m 21s 304ms
Working on Lang_25b
(git) : 0h 0m 15s 723ms
Working on Lang_26b
(git) : 0h 0m 44s 22ms
Working on Lang_28b
(git) : 0h 0m 8s 33ms
Working on Lang_31b
(git) : 0h 0m 32s 128ms
Working on Lang_39b
(git) : 0h 0m 41s 42ms
Working on Lang_4b
(git) : 0h 0m 27s 852ms
Working on Lang_40b
(git) : 0h 0m 21s 82ms
Working on Lang_43b
(git) : 0h 0m 27s 251ms
Working on Lang_44b
(git) : 0h 0m 20s 773ms
Working on Lang_45b
(git) : 0h 0m 28s 147ms
Working on Lang_46b
(git) : 0h 0m 32s 488ms
Working on Lang_47b
(git) : 0h 0m 31s 1ms
Working on Lang_48b
(git) : 0h 0m 18s 720ms
Working on Lang_49b
(git) : 0h 0m 17s 949ms
Working on Lang_51b
(git) : 0h 0m 5s 788ms
Working on Lang_52b
(git) : 0h 0m 23s 999ms
Working on Lang_53b
(git) : 0h 0m 44s 767ms
Working on Lang_54b
(git) : 0h 0m 9s 823ms
Working on Lang_55b
(git) : 0h 0m 14s 705ms
Working on Lang_57b
(git) : 0h 0m 5s 690ms
Working on Lang_6b
(git) : 0h 4m 2s 531ms
Working on Lang_60b
(git) : 0h 0m 39s 44ms
Working on Lang_61b
(git) : 0h 0m 36s 517ms
Working on Lang_64b
(git) : 0h 0m 28s 489ms
Working on Math_10b
(git) : 0h 7m 23s 174ms
Working on Math_101b
(git) : 0h 0m 12s 529ms
Working on Math_103b
(git) : 0h 0m 52s 499ms
Working on Math_104b
(git) : 0h 0m 35s 569ms
Working on Math_105b
(git) : 0h 0m 19s 158ms
Working on Math_106b
(git) : 0h 0m 8s 360ms
Working on Math_14b
(git) : 0h 8m 38s 691ms
Working on Math_15b
(git) : 0h 11m 41s 415ms
Working on Math_17b
(git) : 0h 0m 32s 510ms
Working on Math_2b
(git) : 0h 8m 6s 555ms
Working on Math_23b
(git) : 0h 9m 31s 722ms
Working on Math_24b
(git) : 0h 9m 21s 276ms
Working on Math_25b
(git) : 0h 0m 30s 868ms
Working on Math_26b
(git) : 0h 10m 39s 147ms
Working on Math_28b
(git) : 0h 13m 16s 123ms
Working on Math_3b
(git) : 0h 0m 7s 166ms
Working on Math_35b
(git) : 0h 0m 19s 116ms
Working on Math_42b
(git) : 0h 13m 36s 88ms
Working on Math_45b
(git) : 0h 0m 39s 383ms
Working on Math_46b
(git) : 0h 5m 27s 103ms
Working on Math_48b
(git) : 0h 6m 50s 144ms
Working on Math_50b
(git) : 0h 4m 9s 490ms
Working on Math_53b
(git) : 0h 0m 39s 309ms
Working on Math_54b
(git) : 0h 0m 24s 353ms
Working on Math_55b
(git) : 0h 0m 22s 356ms
Working on Math_60b
(git) : 0h 4m 42s 404ms
Working on Math_63b
(git) : 0h 0m 18s 527ms
Working on Math_64b
(git) : 0h 1m 54s 877ms
Working on Math_70b
(git) : 0h 0m 45s 452ms
Working on Math_75b
(git) : 0h 1m 16s 657ms
Working on Math_79b
(git) : 0h 0m 22s 552ms
Working on Math_87b
(git) : 0h 3m 58s 318ms
Working on Math_88b
(git) : 0h 3m 58s 712ms
Working on Math_89b
(git) : 0h 0m 10s 853ms
Working on Math_9b
(git) : 0h 6m 55s 279ms
Working on Math_92b
(git) : 0h 0m 22s 209ms
Working on Math_93b
(git) : 0h 0m 14s 184ms
Working on Math_94b
(git) : 0h 0m 10s 156ms
Working on Math_96b
(git) : 0h 0m 17s 814ms
Working on Math_97b
(git) : 0h 0m 27s 902ms
Working on Mockito_8b
(git) : 0h 0m 37s 877ms
Working on Time_1b
(git) : 0h 15m 41s 715ms
Working on Time_11b
(git) : 0h 17m 8s 785ms
Working on Time_15b
(git) : 0h 0m 9s 611ms
Working on Time_16b
(git) : 0h 26m 47s 130ms
Working on Time_2b
(git) : 0h 24m 3s 545ms
Working on Time_7b
(git) : 0h 26m 44s 432ms
