Working on Cli_10b
(git) : 0h 0m 1s 5ms
Working on Cli_17b
(git) : 0h 0m 0s 878ms
Working on Cli_18b
(git) : 0h 0m 0s 848ms
Working on Cli_2b
(git) : 0h 0m 0s 964ms
Working on Cli_24b
(git) : 0h 0m 1s 636ms
Working on Cli_25b
(git) : 0h 0m 1s 640ms
Working on Cli_26b
(git) : 0h 0m 0s 436ms
Working on Cli_27b
(git) : 0h 0m 1s 795ms
Working on Cli_28b
(git) : 0h 0m 2s 58ms
Working on Cli_29b
(git) : 0h 0m 0s 21ms
Working on Cli_31b
(git) : 0h 0m 2s 103ms
Working on Cli_35b
(git) : 0h 0m 1s 98ms
Working on Cli_37b
(git) : 0h 0m 1s 725ms
Working on Cli_38b
(git) : 0h 0m 1s 771ms
Working on Cli_5b
(git) : 0h 0m 0s 498ms
Working on Closure_27b
(git) : 0h 0m 1s 759ms
Working on Closure_62b
(git) : 0h 0m 2s 37ms
Working on Codec_10b
(git) : 0h 0m 0s 65ms
Working on Codec_18b
(git) : 0h 0m 0s 83ms
Working on Codec_3b
(git) : 0h 0m 0s 791ms
Working on Collections_25b
(git) : 0h 0m 4s 101ms
Working on Collections_26b
(git) : 0h 0m 0s 444ms
Working on Compress_26b
(git) : 0h 0m 0s 46ms
Working on Compress_39b
(git) : 0h 0m 0s 218ms
Working on Compress_44b
(git) : 0h 0m 0s 63ms
Working on Compress_7b
(git) : 0h 0m 0s 53ms
Working on Compress_8b
(git) : 0h 0m 0s 29ms
Working on Csv_1b
(git) : 0h 0m 0s 840ms
Working on Csv_11b
(git) : 0h 0m 1s 962ms
Working on Csv_12b
(git) : 0h 0m 2s 109ms
Working on Csv_14b
(git) : 0h 0m 2s 17ms
Working on Csv_15b
(git) : 0h 0m 2s 461ms
Working on Csv_2b
(git) : 0h 0m 0s 73ms
Working on Csv_3b
(git) : 0h 0m 1s 827ms
Working on Csv_4b
(git) : 0h 0m 1s 294ms
Working on Csv_5b
(git) : 0h 0m 1s 18ms
Working on Csv_6b
(git) : 0h 0m 1s 876ms
Working on Csv_7b
(git) : 0h 0m 1s 729ms
Working on Csv_8b
(git) : 0h 0m 0s 561ms
Working on Csv_9b
(git) : 0h 0m 1s 918ms
Working on Gson_10b
(git) : 0h 0m 8s 686ms
Working on Gson_15b
(git) : 0h 0m 1s 347ms
Working on Gson_5b
(git) : 0h 0m 0s 759ms
Working on Gson_6b
(git) : 0h 0m 8s 75ms
Working on JacksonCore_14b
(git) : 0h 0m 0s 357ms
Working on JacksonCore_4b
(git) : 0h 0m 0s 240ms
Working on JacksonCore_5b
(git) : 0h 0m 0s 106ms
Working on JacksonCore_6b
(git) : 0h 0m 0s 129ms
Working on JacksonCore_8b
(git) : 0h 0m 0s 184ms
Working on JacksonDatabind_1b
(git) : 0h 0m 22s 339ms
Working on JacksonDatabind_13b
(git) : 0h 1m 4s 116ms
Working on JacksonDatabind_16b
(git) : 0h 0m 53s 766ms
Working on JacksonDatabind_17b
(git) : 0h 0m 33s 900ms
Working on JacksonDatabind_3b
(git) : 0h 0m 26s 859ms
Working on JacksonDatabind_7b
(git) : 0h 0m 40s 397ms
Working on JacksonXml_3b
(git) : 0h 0m 0s 681ms
Working on JacksonXml_5b
(git) : 0h 0m 2s 543ms
Working on Jsoup_1b
(git) : 0h 0m 2s 19ms
Working on Jsoup_10b
(git) : 0h 0m 4s 213ms
Working on Jsoup_15b
(git) : 0h 0m 5s 757ms
Working on Jsoup_17b
(git) : 0h 0m 5s 110ms
Working on Jsoup_19b
(git) : 0h 0m 6s 189ms
Working on Jsoup_2b
(git) : 0h 0m 2s 256ms
Working on Jsoup_24b
(git) : 0h 0m 6s 54ms
Working on Jsoup_25b
(git) : 0h 0m 6s 96ms
Working on Jsoup_26b
(git) : 0h 0m 6s 587ms
Working on Jsoup_27b
(git) : 0h 0m 0s 36ms
Working on Jsoup_32b
(git) : 0h 0m 6s 794ms
Working on Jsoup_33b
(git) : 0h 0m 7s 719ms
Working on Jsoup_34b
(git) : 0h 0m 4s 725ms
Working on Jsoup_35b
(git) : 0h 0m 7s 810ms
Working on Jsoup_37b
(git) : 0h 0m 8s 265ms
Working on Jsoup_38b
(git) : 0h 0m 7s 513ms
Working on Jsoup_4b
(git) : 0h 0m 0s 326ms
Working on Jsoup_40b
(git) : 0h 0m 5s 651ms
Working on Jsoup_41b
(git) : 0h 0m 11s 0ms
Working on Jsoup_43b
(git) : 0h 0m 11s 203ms
Working on Jsoup_46b
(git) : 0h 0m 12s 344ms
Working on Jsoup_47b
(git) : 0h 0m 11s 588ms
Working on Jsoup_48b
(git) : 0h 0m 0s 376ms
Working on Jsoup_49b
(git) : 0h 0m 4s 406ms
Working on Jsoup_5b
(git) : 0h 0m 2s 593ms
Working on Jsoup_51b
(git) : 0h 0m 10s 336ms
Working on Jsoup_54b
(git) : 0h 0m 11s 676ms
Working on Jsoup_55b
(git) : 0h 0m 11s 874ms
Working on Jsoup_57b
(git) : 0h 0m 12s 440ms
Working on Jsoup_61b
(git) : 0h 0m 13s 32ms
Working on Jsoup_62b
(git) : 0h 0m 12s 668ms
Working on Jsoup_64b
(git) : 0h 0m 12s 468ms
Working on Jsoup_72b
(git) : 0h 0m 9s 139ms
Working on Jsoup_85b
(git) : 0h 0m 0s 148ms
Working on Jsoup_9b
(git) : 0h 0m 0s 424ms
Working on JxPath_10b
(git) : 0h 0m 10s 216ms
Working on JxPath_12b
(git) : 0h 0m 10s 527ms
Working on JxPath_21b
(git) : 0h 0m 15s 496ms
Working on JxPath_5b
(git) : 0h 0m 10s 345ms
Working on Lang_14b
(git) : 0h 0m 0s 463ms
Working on Lang_19b
(git) : 0h 0m 0s 365ms
Working on Lang_21b
(git) : 0h 0m 0s 251ms
Working on Lang_22b
(git) : 0h 0m 1s 588ms
Working on Lang_25b
(git) : 0h 0m 0s 825ms
Working on Lang_26b
(git) : 0h 0m 3s 551ms
Working on Lang_28b
(git) : 0h 0m 0s 307ms
Working on Lang_31b
(git) : 0h 0m 0s 223ms
Working on Lang_39b
(git) : 0h 0m 0s 179ms
Working on Lang_4b
(git) : 0h 0m 0s 712ms
Working on Lang_40b
(git) : 0h 0m 0s 228ms
Working on Lang_43b
(git) : 0h 0m 0s 265ms
Working on Lang_44b
(git) : 0h 0m 0s 114ms
Working on Lang_45b
(git) : 0h 0m 0s 301ms
Working on Lang_46b
(git) : 0h 0m 0s 254ms
Working on Lang_47b
(git) : 0h 0m 0s 940ms
Working on Lang_48b
(git) : 0h 0m 0s 200ms
Working on Lang_49b
(git) : 0h 0m 0s 959ms
Working on Lang_51b
(git) : 0h 0m 0s 51ms
Working on Lang_52b
(git) : 0h 0m 0s 198ms
Working on Lang_54b
(git) : 0h 0m 0s 333ms
Working on Lang_55b
(git) : 0h 0m 0s 373ms
Working on Lang_57b
(git) : 0h 0m 0s 239ms
Working on Lang_60b
(git) : 0h 0m 0s 923ms
Working on Lang_61b
(git) : 0h 0m 0s 963ms
Working on Lang_64b
(git) : 0h 0m 0s 641ms
Working on Math_101b
(git) : 0h 0m 0s 591ms
Working on Math_103b
(git) : 0h 0m 0s 818ms
Working on Math_104b
(git) : 0h 0m 0s 319ms
Working on Math_105b
(git) : 0h 0m 0s 338ms
Working on Math_106b
(git) : 0h 0m 0s 422ms
Working on Math_17b
(git) : 0h 0m 9s 323ms
Working on Math_25b
(git) : 0h 0m 1s 343ms
Working on Math_3b
(git) : 0h 0m 0s 195ms
Working on Math_35b
(git) : 0h 0m 0s 763ms
Working on Math_53b
(git) : 0h 0m 1s 256ms
Working on Math_54b
(git) : 0h 0m 5s 632ms
Working on Math_55b
(git) : 0h 0m 1s 927ms
Working on Math_63b
(git) : 0h 0m 0s 344ms
Working on Math_70b
(git) : 0h 0m 0s 707ms
Working on Math_79b
(git) : 0h 0m 0s 851ms
Working on Math_89b
(git) : 0h 0m 0s 108ms
Working on Math_9b
(git) : 0h 0m 10s 422ms
Working on Math_92b
(git) : 0h 0m 0s 311ms
Working on Math_93b
(git) : 0h 0m 0s 187ms
Working on Math_94b
(git) : 0h 0m 0s 58ms
Working on Math_96b
(git) : 0h 0m 0s 499ms
Working on Math_97b
(git) : 0h 0m 0s 364ms
Working on Mockito_8b
(git) : 0h 0m 1s 661ms
Working on Time_15b
(git) : 0h 0m 0s 56ms
