Working on Cli_10b
0h 0m 19s 286ms
Working on Cli_17b
0h 0m 22s 631ms
Working on Cli_18b
0h 0m 22s 635ms
Working on Cli_2b
0h 0m 17s 509ms
Working on Cli_24b
0h 0m 17s 989ms
Working on Cli_25b
0h 0m 18s 394ms
Working on Cli_26b
0h 0m 9s 906ms
Working on Cli_27b
0h 0m 28s 372ms
Working on Cli_28b
0h 0m 29s 472ms
Working on Cli_29b
0h 0m 5s 647ms
Working on Cli_31b
0h 0m 22s 85ms
Working on Cli_35b
0h 0m 20s 794ms
Working on Cli_37b
0h 0m 24s 836ms
Working on Cli_38b
0h 0m 25s 350ms
Working on Cli_5b
0h 0m 16s 135ms
Working on Closure_10b
0h 7m 16s 505ms
Working on Closure_104b
0h 0m 9s 793ms
Working on Closure_113b
0h 8m 33s 381ms
Working on Closure_115b
0h 12m 6s 196ms
Working on Closure_120b
0h 10m 25s 836ms
Working on Closure_121b
0h 10m 21s 268ms
Working on Closure_128b
0h 5m 4s 957ms
Working on Closure_131b
0h 8m 12s 229ms
Working on Closure_133b
0h 1m 49s 102ms
Working on Closure_17b
0h 8m 16s 376ms
Working on Closure_2b
0h 8m 38s 902ms
Working on Closure_21b
0h 6m 38s 380ms
Working on Closure_27b
0h 0m 6s 918ms
Working on Closure_30b
0h 7m 37s 896ms
Working on Closure_31b
0h 7m 56s 221ms
Working on Closure_33b
0h 8m 13s 461ms
Working on Closure_48b
0h 6m 25s 716ms
Working on Closure_52b
0h 2m 39s 615ms
Working on Closure_59b
0h 12m 18s 188ms
Working on Closure_60b
0h 11m 36s 697ms
Working on Closure_61b
0h 3m 47s 182ms
Working on Closure_62b
0h 0m 6s 774ms
Working on Closure_64b
0h 9m 13s 97ms
Working on Closure_65b
0h 2m 12s 413ms
Working on Closure_66b
0h 3m 56s 625ms
Working on Closure_68b
0h 0m 46s 359ms
Working on Closure_73b
0h 1m 54s 685ms
Working on Closure_74b
0h 3m 26s 432ms
Working on Closure_76b
0h 3m 7s 644ms
Working on Closure_8b
0h 6m 57s 65ms
Working on Closure_80b
0h 1m 27s 646ms
Working on Closure_82b
0h 3m 3s 200ms
Working on Closure_85b
0h 2m 22s 89ms
Working on Closure_91b
0h 1m 26s 405ms
Working on Closure_92b
0h 1m 42s 502ms
Working on Closure_99b
0h 0m 54s 229ms
Working on Codec_10b
0h 0m 6s 132ms
Working on Codec_18b
0h 0m 6s 30ms
Working on Codec_3b
0h 0m 8s 574ms
Working on Collections_25b
0h 0m 10s 555ms
Working on Collections_26b
0h 0m 6s 969ms
Working on Compress_26b
0h 0m 5s 913ms
Working on Compress_39b
0h 0m 6s 159ms
Working on Compress_44b
0h 0m 5s 559ms
Working on Compress_7b
0h 0m 6s 244ms
Working on Compress_8b
0h 0m 6s 183ms
Working on Csv_1b
0h 0m 24s 734ms
Working on Csv_11b
0h 0m 55s 514ms
Working on Csv_12b
0h 1m 2s 495ms
Working on Csv_14b
0h 0m 38s 428ms
Working on Csv_15b
0h 0m 36s 229ms
Working on Csv_2b
0h 0m 6s 973ms
Working on Csv_3b
0h 1m 1s 557ms
Working on Csv_4b
0h 0m 33s 959ms
Working on Csv_5b
0h 0m 25s 880ms
Working on Csv_6b
0h 0m 56s 834ms
Working on Csv_7b
0h 0m 51s 43ms
Working on Csv_8b
0h 0m 15s 264ms
Working on Csv_9b
0h 0m 59s 893ms
Working on Gson_10b
0h 1m 37s 943ms
Working on Gson_15b
0h 0m 7s 320ms
Working on Gson_5b
0h 0m 8s 78ms
Working on Gson_6b
0h 1m 40s 191ms
Working on JacksonCore_14b
0h 0m 7s 338ms
Working on JacksonCore_4b
0h 0m 6s 980ms
Working on JacksonCore_5b
0h 0m 6s 418ms
Working on JacksonCore_6b
0h 0m 6s 562ms
Working on JacksonCore_8b
0h 0m 6s 494ms
Working on JacksonDatabind_1b
0h 1m 49s 480ms
Working on JacksonDatabind_13b
0h 4m 54s 7ms
Working on JacksonDatabind_16b
0h 3m 48s 527ms
Working on JacksonDatabind_17b
0h 2m 38s 47ms
Working on JacksonDatabind_3b
0h 2m 17s 606ms
Working on JacksonDatabind_7b
0h 3m 29s 193ms
Working on JacksonXml_3b
0h 0m 14s 643ms
Working on JacksonXml_5b
0h 0m 36s 118ms
Working on Jsoup_1b
0h 0m 29s 889ms
Working on Jsoup_10b
0h 1m 15s 523ms
Working on Jsoup_15b
0h 1m 4s 740ms
Working on Jsoup_17b
0h 0m 54s 621ms
Working on Jsoup_19b
0h 1m 29s 101ms
Working on Jsoup_2b
0h 0m 30s 677ms
Working on Jsoup_24b
0h 1m 21s 812ms
Working on Jsoup_25b
0h 1m 27s 30ms
Working on Jsoup_26b
0h 1m 22s 320ms
Working on Jsoup_27b
0h 0m 6s 444ms
Working on Jsoup_32b
0h 1m 30s 665ms
Working on Jsoup_33b
0h 1m 22s 327ms
Working on Jsoup_34b
0h 0m 45s 528ms
Working on Jsoup_35b
0h 1m 22s 344ms
Working on Jsoup_37b
0h 1m 50s 308ms
Working on Jsoup_38b
0h 1m 11s 803ms
Working on Jsoup_4b
0h 0m 7s 250ms
Working on Jsoup_40b
0h 0m 47s 605ms
Working on Jsoup_41b
0h 2m 13s 833ms
Working on Jsoup_43b
0h 2m 13s 736ms
Working on Jsoup_46b
0h 2m 47s 469ms
Working on Jsoup_47b
0h 2m 23s 576ms
Working on Jsoup_48b
0h 0m 9s 5ms
Working on Jsoup_49b
0h 1m 3s 380ms
Working on Jsoup_5b
0h 0m 49s 229ms
Working on Jsoup_51b
0h 2m 3s 848ms
Working on Jsoup_54b
0h 2m 11s 167ms
Working on Jsoup_55b
0h 2m 45s 162ms
Working on Jsoup_57b
0h 2m 57s 88ms
Working on Jsoup_61b
0h 3m 16s 870ms
Working on Jsoup_62b
0h 2m 42s 298ms
Working on Jsoup_64b
0h 2m 42s 667ms
Working on Jsoup_72b
0h 1m 41s 558ms
Working on Jsoup_85b
0h 0m 7s 107ms
Working on Jsoup_9b
0h 0m 8s 447ms
Working on JxPath_10b
0h 0m 46s 135ms
Working on JxPath_12b
0h 0m 42s 955ms
Working on JxPath_21b
0h 1m 17s 965ms
Working on JxPath_5b
0h 0m 41s 109ms
Working on Lang_13b
0h 0m 7s 860ms
Working on Lang_14b
0h 0m 6s 623ms
Working on Lang_19b
0h 0m 6s 835ms
Working on Lang_21b
0h 0m 7s 70ms
Working on Lang_22b
0h 0m 7s 159ms
Working on Lang_25b
0h 0m 6s 953ms
Working on Lang_26b
0h 0m 8s 372ms
Working on Lang_28b
0h 0m 6s 100ms
Working on Lang_31b
0h 0m 6s 746ms
Working on Lang_39b
0h 0m 6s 784ms
Working on Lang_4b
0h 0m 6s 978ms
Working on Lang_40b
0h 0m 6s 301ms
Working on Lang_43b
0h 0m 6s 939ms
Working on Lang_44b
0h 0m 6s 665ms
Working on Lang_45b
0h 0m 7s 307ms
Working on Lang_46b
0h 0m 7s 917ms
Working on Lang_47b
0h 0m 7s 42ms
Working on Lang_48b
0h 0m 6s 485ms
Working on Lang_49b
0h 0m 6s 637ms
Working on Lang_51b
0h 0m 5s 898ms
Working on Lang_52b
0h 0m 7s 139ms
Working on Lang_53b
0h 0m 9s 132ms
Working on Lang_54b
0h 0m 6s 91ms
Working on Lang_55b
0h 0m 6s 387ms
Working on Lang_57b
0h 0m 6s 383ms
Working on Lang_6b
0h 0m 25s 243ms
Working on Lang_60b
0h 0m 7s 264ms
Working on Lang_61b
0h 0m 7s 169ms
Working on Lang_64b
0h 0m 7s 240ms
Working on Math_10b
0h 0m 17s 926ms
Working on Math_101b
0h 0m 6s 590ms
Working on Math_103b
0h 0m 8s 233ms
Working on Math_104b
0h 0m 7s 33ms
Working on Math_105b
0h 0m 6s 716ms
Working on Math_106b
0h 0m 6s 165ms
Working on Math_14b
0h 0m 32s 33ms
Working on Math_15b
0h 0m 29s 141ms
Working on Math_17b
0h 0m 8s 499ms
Working on Math_2b
0h 0m 31s 200ms
Working on Math_23b
0h 0m 33s 691ms
Working on Math_24b
0h 0m 32s 957ms
Working on Math_25b
0h 0m 7s 212ms
Working on Math_26b
0h 0m 53s 306ms
Working on Math_28b
0h 0m 52s 932ms
Working on Math_3b
0h 0m 5s 950ms
Working on Math_35b
0h 0m 6s 289ms
Working on Math_42b
0h 0m 47s 597ms
Working on Math_45b
0h 0m 7s 577ms
Working on Math_46b
0h 0m 17s 339ms
Working on Math_48b
0h 0m 40s 505ms
Working on Math_50b
0h 0m 17s 646ms
Working on Math_53b
0h 0m 7s 914ms
Working on Math_54b
0h 0m 8s 24ms
Working on Math_55b
0h 0m 6s 822ms
Working on Math_60b
0h 0m 25s 613ms
Working on Math_63b
0h 0m 6s 771ms
Working on Math_64b
0h 0m 11s 908ms
Working on Math_70b
0h 0m 7s 721ms
Working on Math_75b
0h 0m 10s 18ms
Working on Math_79b
0h 0m 6s 970ms
Working on Math_87b
0h 0m 24s 360ms
Working on Math_88b
0h 0m 23s 337ms
Working on Math_89b
0h 0m 6s 195ms
Working on Math_9b
0h 0m 24s 351ms
Working on Math_92b
0h 0m 6s 795ms
Working on Math_93b
0h 0m 6s 427ms
Working on Math_94b
0h 0m 6s 96ms
Working on Math_96b
0h 0m 6s 684ms
Working on Math_97b
0h 0m 7s 118ms
Working on Mockito_8b
0h 0m 11s 871ms
Working on Time_1b
0h 0m 46s 271ms
Working on Time_11b
0h 0m 55s 294ms
Working on Time_15b
0h 0m 6s 40ms
Working on Time_16b
0h 1m 30s 119ms
Working on Time_2b
0h 1m 14s 593ms
Working on Time_7b
0h 1m 25s 954ms
